{"C:\\Users\\WAMBUGU\\Desktop\\folder\\coding stuff\\typescript projects\\bus-booking-app\\src\\tests\\test.spec.ts":{"path":"C:\\Users\\WAMBUGU\\Desktop\\folder\\coding stuff\\typescript projects\\bus-booking-app\\src\\tests\\test.spec.ts","statementMap":{"0":{"start":{"line":2,"column":16},"end":{"line":10,"column":1}},"1":{"start":{"line":3,"column":28},"end":{"line":3,"column":110}},"2":{"start":{"line":3,"column":91},"end":{"line":3,"column":106}},"3":{"start":{"line":4,"column":4},"end":{"line":9,"column":7}},"4":{"start":{"line":5,"column":36},"end":{"line":5,"column":97}},"5":{"start":{"line":5,"column":42},"end":{"line":5,"column":70}},"6":{"start":{"line":5,"column":85},"end":{"line":5,"column":95}},"7":{"start":{"line":6,"column":35},"end":{"line":6,"column":100}},"8":{"start":{"line":6,"column":41},"end":{"line":6,"column":73}},"9":{"start":{"line":6,"column":88},"end":{"line":6,"column":98}},"10":{"start":{"line":7,"column":32},"end":{"line":7,"column":116}},"11":{"start":{"line":8,"column":8},"end":{"line":8,"column":78}},"12":{"start":{"line":11,"column":18},"end":{"line":37,"column":1}},"13":{"start":{"line":12,"column":12},"end":{"line":12,"column":104}},"14":{"start":{"line":12,"column":43},"end":{"line":12,"column":68}},"15":{"start":{"line":12,"column":57},"end":{"line":12,"column":68}},"16":{"start":{"line":12,"column":69},"end":{"line":12,"column":81}},"17":{"start":{"line":13,"column":4},"end":{"line":13,"column":157}},"18":{"start":{"line":13,"column":138},"end":{"line":13,"column":150}},"19":{"start":{"line":14,"column":23},"end":{"line":14,"column":68}},"20":{"start":{"line":14,"column":45},"end":{"line":14,"column":65}},"21":{"start":{"line":16,"column":8},"end":{"line":16,"column":70}},"22":{"start":{"line":16,"column":15},"end":{"line":16,"column":70}},"23":{"start":{"line":17,"column":8},"end":{"line":34,"column":66}},"24":{"start":{"line":17,"column":18},"end":{"line":34,"column":66}},"25":{"start":{"line":18,"column":12},"end":{"line":18,"column":169}},"26":{"start":{"line":18,"column":160},"end":{"line":18,"column":169}},"27":{"start":{"line":19,"column":12},"end":{"line":19,"column":52}},"28":{"start":{"line":19,"column":26},"end":{"line":19,"column":52}},"29":{"start":{"line":20,"column":12},"end":{"line":32,"column":13}},"30":{"start":{"line":21,"column":32},"end":{"line":21,"column":39}},"31":{"start":{"line":21,"column":40},"end":{"line":21,"column":46}},"32":{"start":{"line":22,"column":24},"end":{"line":22,"column":34}},"33":{"start":{"line":22,"column":35},"end":{"line":22,"column":72}},"34":{"start":{"line":23,"column":24},"end":{"line":23,"column":34}},"35":{"start":{"line":23,"column":35},"end":{"line":23,"column":45}},"36":{"start":{"line":23,"column":46},"end":{"line":23,"column":55}},"37":{"start":{"line":23,"column":56},"end":{"line":23,"column":65}},"38":{"start":{"line":24,"column":24},"end":{"line":24,"column":41}},"39":{"start":{"line":24,"column":42},"end":{"line":24,"column":55}},"40":{"start":{"line":24,"column":56},"end":{"line":24,"column":65}},"41":{"start":{"line":26,"column":20},"end":{"line":26,"column":128}},"42":{"start":{"line":26,"column":110},"end":{"line":26,"column":116}},"43":{"start":{"line":26,"column":117},"end":{"line":26,"column":126}},"44":{"start":{"line":27,"column":20},"end":{"line":27,"column":106}},"45":{"start":{"line":27,"column":81},"end":{"line":27,"column":97}},"46":{"start":{"line":27,"column":98},"end":{"line":27,"column":104}},"47":{"start":{"line":28,"column":20},"end":{"line":28,"column":89}},"48":{"start":{"line":28,"column":57},"end":{"line":28,"column":72}},"49":{"start":{"line":28,"column":73},"end":{"line":28,"column":80}},"50":{"start":{"line":28,"column":81},"end":{"line":28,"column":87}},"51":{"start":{"line":29,"column":20},"end":{"line":29,"column":87}},"52":{"start":{"line":29,"column":47},"end":{"line":29,"column":62}},"53":{"start":{"line":29,"column":63},"end":{"line":29,"column":78}},"54":{"start":{"line":29,"column":79},"end":{"line":29,"column":85}},"55":{"start":{"line":30,"column":20},"end":{"line":30,"column":42}},"56":{"start":{"line":30,"column":30},"end":{"line":30,"column":42}},"57":{"start":{"line":31,"column":20},"end":{"line":31,"column":33}},"58":{"start":{"line":31,"column":34},"end":{"line":31,"column":43}},"59":{"start":{"line":33,"column":12},"end":{"line":33,"column":39}},"60":{"start":{"line":34,"column":22},"end":{"line":34,"column":34}},"61":{"start":{"line":34,"column":35},"end":{"line":34,"column":41}},"62":{"start":{"line":34,"column":54},"end":{"line":34,"column":64}},"63":{"start":{"line":35,"column":8},"end":{"line":35,"column":35}},"64":{"start":{"line":35,"column":23},"end":{"line":35,"column":35}},"65":{"start":{"line":35,"column":36},"end":{"line":35,"column":89}},"66":{"start":{"line":38,"column":22},"end":{"line":40,"column":1}},"67":{"start":{"line":39,"column":4},"end":{"line":39,"column":62}},"68":{"start":{"line":41,"column":0},"end":{"line":41,"column":62}},"69":{"start":{"line":42,"column":13},"end":{"line":42,"column":45}},"70":{"start":{"line":43,"column":15},"end":{"line":43,"column":40}},"71":{"start":{"line":44,"column":18},"end":{"line":44,"column":38}},"72":{"start":{"line":45,"column":14},"end":{"line":45,"column":30}},"73":{"start":{"line":46,"column":21},"end":{"line":46,"column":61}},"74":{"start":{"line":47,"column":15},"end":{"line":47,"column":52}},"75":{"start":{"line":48,"column":13},"end":{"line":48,"column":34}},"76":{"start":{"line":49,"column":17},"end":{"line":49,"column":52}},"77":{"start":{"line":50,"column":13},"end":{"line":50,"column":40}},"78":{"start":{"line":51,"column":14},"end":{"line":53,"column":1}},"79":{"start":{"line":54,"column":12},"end":{"line":54,"column":100}},"80":{"start":{"line":55,"column":0},"end":{"line":83,"column":3}},"81":{"start":{"line":56,"column":4},"end":{"line":61,"column":7}},"82":{"start":{"line":57,"column":8},"end":{"line":60,"column":11}},"83":{"start":{"line":58,"column":12},"end":{"line":58,"column":38}},"84":{"start":{"line":59,"column":12},"end":{"line":59,"column":19}},"85":{"start":{"line":62,"column":4},"end":{"line":82,"column":7}},"86":{"start":{"line":64,"column":8},"end":{"line":81,"column":11}},"87":{"start":{"line":65,"column":12},"end":{"line":80,"column":15}},"88":{"start":{"line":66,"column":16},"end":{"line":79,"column":19}},"89":{"start":{"line":67,"column":20},"end":{"line":78,"column":21}},"90":{"start":{"line":68,"column":32},"end":{"line":68,"column":80}},"91":{"start":{"line":70,"column":28},"end":{"line":70,"column":38}},"92":{"start":{"line":71,"column":28},"end":{"line":71,"column":77}},"93":{"start":{"line":73,"column":28},"end":{"line":73,"column":38}},"94":{"start":{"line":74,"column":28},"end":{"line":74,"column":80}},"95":{"start":{"line":76,"column":28},"end":{"line":76,"column":38}},"96":{"start":{"line":77,"column":28},"end":{"line":77,"column":50}},"97":{"start":{"line":84,"column":0},"end":{"line":316,"column":3}},"98":{"start":{"line":85,"column":4},"end":{"line":109,"column":7}},"99":{"start":{"line":87,"column":8},"end":{"line":108,"column":11}},"100":{"start":{"line":88,"column":12},"end":{"line":107,"column":15}},"101":{"start":{"line":90,"column":16},"end":{"line":106,"column":19}},"102":{"start":{"line":91,"column":20},"end":{"line":105,"column":21}},"103":{"start":{"line":92,"column":32},"end":{"line":100,"column":32}},"104":{"start":{"line":102,"column":28},"end":{"line":102,"column":44}},"105":{"start":{"line":103,"column":28},"end":{"line":103,"column":61}},"106":{"start":{"line":104,"column":28},"end":{"line":104,"column":50}},"107":{"start":{"line":110,"column":4},"end":{"line":134,"column":7}},"108":{"start":{"line":112,"column":8},"end":{"line":133,"column":11}},"109":{"start":{"line":113,"column":12},"end":{"line":132,"column":15}},"110":{"start":{"line":115,"column":16},"end":{"line":131,"column":19}},"111":{"start":{"line":116,"column":20},"end":{"line":130,"column":21}},"112":{"start":{"line":117,"column":32},"end":{"line":125,"column":32}},"113":{"start":{"line":127,"column":28},"end":{"line":127,"column":44}},"114":{"start":{"line":128,"column":28},"end":{"line":128,"column":61}},"115":{"start":{"line":129,"column":28},"end":{"line":129,"column":50}},"116":{"start":{"line":135,"column":4},"end":{"line":155,"column":7}},"117":{"start":{"line":137,"column":8},"end":{"line":154,"column":11}},"118":{"start":{"line":138,"column":12},"end":{"line":153,"column":15}},"119":{"start":{"line":140,"column":16},"end":{"line":152,"column":19}},"120":{"start":{"line":141,"column":20},"end":{"line":151,"column":21}},"121":{"start":{"line":142,"column":32},"end":{"line":146,"column":32}},"122":{"start":{"line":148,"column":28},"end":{"line":148,"column":44}},"123":{"start":{"line":149,"column":28},"end":{"line":149,"column":64}},"124":{"start":{"line":150,"column":28},"end":{"line":150,"column":50}},"125":{"start":{"line":156,"column":4},"end":{"line":177,"column":7}},"126":{"start":{"line":158,"column":8},"end":{"line":176,"column":11}},"127":{"start":{"line":159,"column":12},"end":{"line":175,"column":15}},"128":{"start":{"line":161,"column":16},"end":{"line":174,"column":19}},"129":{"start":{"line":162,"column":20},"end":{"line":173,"column":21}},"130":{"start":{"line":163,"column":32},"end":{"line":167,"column":32}},"131":{"start":{"line":169,"column":28},"end":{"line":169,"column":44}},"132":{"start":{"line":170,"column":28},"end":{"line":170,"column":64}},"133":{"start":{"line":171,"column":28},"end":{"line":171,"column":71}},"134":{"start":{"line":172,"column":28},"end":{"line":172,"column":50}},"135":{"start":{"line":178,"column":4},"end":{"line":195,"column":7}},"136":{"start":{"line":180,"column":8},"end":{"line":194,"column":11}},"137":{"start":{"line":181,"column":12},"end":{"line":193,"column":15}},"138":{"start":{"line":183,"column":16},"end":{"line":192,"column":19}},"139":{"start":{"line":184,"column":20},"end":{"line":191,"column":21}},"140":{"start":{"line":185,"column":32},"end":{"line":186,"column":66}},"141":{"start":{"line":188,"column":28},"end":{"line":188,"column":44}},"142":{"start":{"line":189,"column":28},"end":{"line":189,"column":64}},"143":{"start":{"line":190,"column":28},"end":{"line":190,"column":50}},"144":{"start":{"line":196,"column":4},"end":{"line":212,"column":7}},"145":{"start":{"line":198,"column":8},"end":{"line":211,"column":11}},"146":{"start":{"line":199,"column":12},"end":{"line":210,"column":15}},"147":{"start":{"line":201,"column":16},"end":{"line":209,"column":19}},"148":{"start":{"line":202,"column":20},"end":{"line":208,"column":21}},"149":{"start":{"line":203,"column":32},"end":{"line":203,"column":86}},"150":{"start":{"line":205,"column":28},"end":{"line":205,"column":44}},"151":{"start":{"line":206,"column":28},"end":{"line":206,"column":64}},"152":{"start":{"line":207,"column":28},"end":{"line":207,"column":50}},"153":{"start":{"line":213,"column":4},"end":{"line":237,"column":7}},"154":{"start":{"line":215,"column":8},"end":{"line":236,"column":11}},"155":{"start":{"line":216,"column":12},"end":{"line":235,"column":15}},"156":{"start":{"line":218,"column":16},"end":{"line":234,"column":19}},"157":{"start":{"line":219,"column":20},"end":{"line":233,"column":21}},"158":{"start":{"line":220,"column":32},"end":{"line":224,"column":32}},"159":{"start":{"line":226,"column":28},"end":{"line":226,"column":44}},"160":{"start":{"line":227,"column":28},"end":{"line":228,"column":70}},"161":{"start":{"line":230,"column":28},"end":{"line":230,"column":44}},"162":{"start":{"line":231,"column":28},"end":{"line":231,"column":64}},"163":{"start":{"line":232,"column":28},"end":{"line":232,"column":50}},"164":{"start":{"line":238,"column":4},"end":{"line":261,"column":7}},"165":{"start":{"line":240,"column":8},"end":{"line":260,"column":11}},"166":{"start":{"line":241,"column":12},"end":{"line":259,"column":15}},"167":{"start":{"line":243,"column":16},"end":{"line":258,"column":19}},"168":{"start":{"line":244,"column":20},"end":{"line":257,"column":21}},"169":{"start":{"line":245,"column":32},"end":{"line":249,"column":32}},"170":{"start":{"line":251,"column":28},"end":{"line":251,"column":44}},"171":{"start":{"line":252,"column":28},"end":{"line":252,"column":136}},"172":{"start":{"line":254,"column":28},"end":{"line":254,"column":44}},"173":{"start":{"line":255,"column":28},"end":{"line":255,"column":64}},"174":{"start":{"line":256,"column":28},"end":{"line":256,"column":50}},"175":{"start":{"line":262,"column":4},"end":{"line":291,"column":7}},"176":{"start":{"line":264,"column":8},"end":{"line":290,"column":11}},"177":{"start":{"line":265,"column":12},"end":{"line":289,"column":15}},"178":{"start":{"line":267,"column":16},"end":{"line":288,"column":19}},"179":{"start":{"line":268,"column":20},"end":{"line":287,"column":21}},"180":{"start":{"line":269,"column":32},"end":{"line":273,"column":32}},"181":{"start":{"line":275,"column":28},"end":{"line":275,"column":44}},"182":{"start":{"line":276,"column":28},"end":{"line":279,"column":30}},"183":{"start":{"line":280,"column":28},"end":{"line":282,"column":55}},"184":{"start":{"line":284,"column":28},"end":{"line":284,"column":44}},"185":{"start":{"line":285,"column":28},"end":{"line":285,"column":64}},"186":{"start":{"line":286,"column":28},"end":{"line":286,"column":50}},"187":{"start":{"line":292,"column":4},"end":{"line":315,"column":7}},"188":{"start":{"line":294,"column":8},"end":{"line":314,"column":11}},"189":{"start":{"line":295,"column":12},"end":{"line":313,"column":15}},"190":{"start":{"line":297,"column":16},"end":{"line":312,"column":19}},"191":{"start":{"line":298,"column":20},"end":{"line":311,"column":21}},"192":{"start":{"line":299,"column":32},"end":{"line":303,"column":32}},"193":{"start":{"line":305,"column":28},"end":{"line":305,"column":44}},"194":{"start":{"line":306,"column":28},"end":{"line":306,"column":136}},"195":{"start":{"line":308,"column":28},"end":{"line":308,"column":44}},"196":{"start":{"line":309,"column":28},"end":{"line":309,"column":64}},"197":{"start":{"line":310,"column":28},"end":{"line":310,"column":50}},"198":{"start":{"line":317,"column":0},"end":{"line":418,"column":3}},"199":{"start":{"line":318,"column":4},"end":{"line":342,"column":7}},"200":{"start":{"line":320,"column":8},"end":{"line":341,"column":11}},"201":{"start":{"line":321,"column":12},"end":{"line":340,"column":15}},"202":{"start":{"line":323,"column":16},"end":{"line":339,"column":19}},"203":{"start":{"line":324,"column":20},"end":{"line":338,"column":21}},"204":{"start":{"line":325,"column":32},"end":{"line":333,"column":32}},"205":{"start":{"line":335,"column":28},"end":{"line":335,"column":44}},"206":{"start":{"line":336,"column":28},"end":{"line":336,"column":61}},"207":{"start":{"line":337,"column":28},"end":{"line":337,"column":50}},"208":{"start":{"line":343,"column":4},"end":{"line":368,"column":7}},"209":{"start":{"line":345,"column":8},"end":{"line":367,"column":11}},"210":{"start":{"line":346,"column":12},"end":{"line":366,"column":15}},"211":{"start":{"line":348,"column":16},"end":{"line":365,"column":19}},"212":{"start":{"line":349,"column":20},"end":{"line":364,"column":21}},"213":{"start":{"line":351,"column":28},"end":{"line":357,"column":30}},"214":{"start":{"line":358,"column":28},"end":{"line":359,"column":53}},"215":{"start":{"line":361,"column":28},"end":{"line":361,"column":44}},"216":{"start":{"line":362,"column":28},"end":{"line":362,"column":61}},"217":{"start":{"line":363,"column":28},"end":{"line":363,"column":50}},"218":{"start":{"line":369,"column":4},"end":{"line":393,"column":7}},"219":{"start":{"line":371,"column":8},"end":{"line":392,"column":11}},"220":{"start":{"line":372,"column":12},"end":{"line":391,"column":15}},"221":{"start":{"line":374,"column":16},"end":{"line":390,"column":19}},"222":{"start":{"line":375,"column":20},"end":{"line":389,"column":21}},"223":{"start":{"line":376,"column":32},"end":{"line":380,"column":32}},"224":{"start":{"line":382,"column":28},"end":{"line":382,"column":44}},"225":{"start":{"line":383,"column":28},"end":{"line":384,"column":70}},"226":{"start":{"line":386,"column":28},"end":{"line":386,"column":44}},"227":{"start":{"line":387,"column":28},"end":{"line":387,"column":64}},"228":{"start":{"line":388,"column":28},"end":{"line":388,"column":50}},"229":{"start":{"line":394,"column":4},"end":{"line":417,"column":7}},"230":{"start":{"line":396,"column":8},"end":{"line":416,"column":11}},"231":{"start":{"line":397,"column":12},"end":{"line":415,"column":15}},"232":{"start":{"line":399,"column":16},"end":{"line":414,"column":19}},"233":{"start":{"line":400,"column":20},"end":{"line":413,"column":21}},"234":{"start":{"line":401,"column":32},"end":{"line":405,"column":32}},"235":{"start":{"line":407,"column":28},"end":{"line":407,"column":44}},"236":{"start":{"line":408,"column":28},"end":{"line":408,"column":134}},"237":{"start":{"line":410,"column":28},"end":{"line":410,"column":44}},"238":{"start":{"line":411,"column":28},"end":{"line":411,"column":64}},"239":{"start":{"line":412,"column":28},"end":{"line":412,"column":50}},"240":{"start":{"line":419,"column":0},"end":{"line":452,"column":3}},"241":{"start":{"line":420,"column":4},"end":{"line":451,"column":7}},"242":{"start":{"line":422,"column":8},"end":{"line":450,"column":11}},"243":{"start":{"line":423,"column":12},"end":{"line":449,"column":15}},"244":{"start":{"line":425,"column":16},"end":{"line":448,"column":19}},"245":{"start":{"line":426,"column":20},"end":{"line":447,"column":21}},"246":{"start":{"line":427,"column":32},"end":{"line":431,"column":32}},"247":{"start":{"line":433,"column":28},"end":{"line":433,"column":44}},"248":{"start":{"line":434,"column":28},"end":{"line":438,"column":36}},"249":{"start":{"line":440,"column":28},"end":{"line":440,"column":44}},"250":{"start":{"line":441,"column":28},"end":{"line":442,"column":70}},"251":{"start":{"line":444,"column":28},"end":{"line":444,"column":44}},"252":{"start":{"line":445,"column":28},"end":{"line":445,"column":40}},"253":{"start":{"line":446,"column":28},"end":{"line":446,"column":50}}},"fnMap":{"0":{"name":"(anonymous_0)","decl":{"start":{"line":2,"column":44},"end":{"line":2,"column":45}},"loc":{"start":{"line":2,"column":89},"end":{"line":10,"column":1}},"line":2},"1":{"name":"adopt","decl":{"start":{"line":3,"column":13},"end":{"line":3,"column":18}},"loc":{"start":{"line":3,"column":26},"end":{"line":3,"column":112}},"line":3},"2":{"name":"(anonymous_2)","decl":{"start":{"line":3,"column":70},"end":{"line":3,"column":71}},"loc":{"start":{"line":3,"column":89},"end":{"line":3,"column":108}},"line":3},"3":{"name":"(anonymous_3)","decl":{"start":{"line":4,"column":36},"end":{"line":4,"column":37}},"loc":{"start":{"line":4,"column":63},"end":{"line":9,"column":5}},"line":4},"4":{"name":"fulfilled","decl":{"start":{"line":5,"column":17},"end":{"line":5,"column":26}},"loc":{"start":{"line":5,"column":34},"end":{"line":5,"column":99}},"line":5},"5":{"name":"rejected","decl":{"start":{"line":6,"column":17},"end":{"line":6,"column":25}},"loc":{"start":{"line":6,"column":33},"end":{"line":6,"column":102}},"line":6},"6":{"name":"step","decl":{"start":{"line":7,"column":17},"end":{"line":7,"column":21}},"loc":{"start":{"line":7,"column":30},"end":{"line":7,"column":118}},"line":7},"7":{"name":"(anonymous_7)","decl":{"start":{"line":11,"column":48},"end":{"line":11,"column":49}},"loc":{"start":{"line":11,"column":73},"end":{"line":37,"column":1}},"line":11},"8":{"name":"(anonymous_8)","decl":{"start":{"line":12,"column":30},"end":{"line":12,"column":31}},"loc":{"start":{"line":12,"column":41},"end":{"line":12,"column":83}},"line":12},"9":{"name":"(anonymous_9)","decl":{"start":{"line":13,"column":125},"end":{"line":13,"column":126}},"loc":{"start":{"line":13,"column":136},"end":{"line":13,"column":152}},"line":13},"10":{"name":"verb","decl":{"start":{"line":14,"column":13},"end":{"line":14,"column":17}},"loc":{"start":{"line":14,"column":21},"end":{"line":14,"column":70}},"line":14},"11":{"name":"(anonymous_11)","decl":{"start":{"line":14,"column":30},"end":{"line":14,"column":31}},"loc":{"start":{"line":14,"column":43},"end":{"line":14,"column":67}},"line":14},"12":{"name":"step","decl":{"start":{"line":15,"column":13},"end":{"line":15,"column":17}},"loc":{"start":{"line":15,"column":22},"end":{"line":36,"column":5}},"line":15},"13":{"name":"(anonymous_13)","decl":{"start":{"line":38,"column":56},"end":{"line":38,"column":57}},"loc":{"start":{"line":38,"column":71},"end":{"line":40,"column":1}},"line":38},"14":{"name":"(anonymous_14)","decl":{"start":{"line":55,"column":28},"end":{"line":55,"column":29}},"loc":{"start":{"line":55,"column":40},"end":{"line":83,"column":1}},"line":55},"15":{"name":"(anonymous_15)","decl":{"start":{"line":56,"column":42},"end":{"line":56,"column":43}},"loc":{"start":{"line":56,"column":54},"end":{"line":61,"column":5}},"line":56},"16":{"name":"(anonymous_16)","decl":{"start":{"line":57,"column":23},"end":{"line":57,"column":24}},"loc":{"start":{"line":57,"column":39},"end":{"line":60,"column":9}},"line":57},"17":{"name":"(anonymous_17)","decl":{"start":{"line":62,"column":23},"end":{"line":62,"column":24}},"loc":{"start":{"line":62,"column":35},"end":{"line":82,"column":5}},"line":62},"18":{"name":"(anonymous_18)","decl":{"start":{"line":64,"column":22},"end":{"line":64,"column":23}},"loc":{"start":{"line":64,"column":34},"end":{"line":81,"column":9}},"line":64},"19":{"name":"(anonymous_19)","decl":{"start":{"line":65,"column":51},"end":{"line":65,"column":52}},"loc":{"start":{"line":65,"column":63},"end":{"line":80,"column":13}},"line":65},"20":{"name":"(anonymous_20)","decl":{"start":{"line":66,"column":41},"end":{"line":66,"column":42}},"loc":{"start":{"line":66,"column":55},"end":{"line":79,"column":17}},"line":66},"21":{"name":"(anonymous_21)","decl":{"start":{"line":84,"column":27},"end":{"line":84,"column":28}},"loc":{"start":{"line":84,"column":39},"end":{"line":316,"column":1}},"line":84},"22":{"name":"(anonymous_22)","decl":{"start":{"line":85,"column":18},"end":{"line":85,"column":19}},"loc":{"start":{"line":85,"column":30},"end":{"line":109,"column":5}},"line":85},"23":{"name":"(anonymous_23)","decl":{"start":{"line":87,"column":47},"end":{"line":87,"column":48}},"loc":{"start":{"line":87,"column":59},"end":{"line":108,"column":9}},"line":87},"24":{"name":"(anonymous_24)","decl":{"start":{"line":88,"column":51},"end":{"line":88,"column":52}},"loc":{"start":{"line":88,"column":63},"end":{"line":107,"column":13}},"line":88},"25":{"name":"(anonymous_25)","decl":{"start":{"line":90,"column":41},"end":{"line":90,"column":42}},"loc":{"start":{"line":90,"column":55},"end":{"line":106,"column":17}},"line":90},"26":{"name":"(anonymous_26)","decl":{"start":{"line":110,"column":18},"end":{"line":110,"column":19}},"loc":{"start":{"line":110,"column":30},"end":{"line":134,"column":5}},"line":110},"27":{"name":"(anonymous_27)","decl":{"start":{"line":112,"column":56},"end":{"line":112,"column":57}},"loc":{"start":{"line":112,"column":68},"end":{"line":133,"column":9}},"line":112},"28":{"name":"(anonymous_28)","decl":{"start":{"line":113,"column":51},"end":{"line":113,"column":52}},"loc":{"start":{"line":113,"column":63},"end":{"line":132,"column":13}},"line":113},"29":{"name":"(anonymous_29)","decl":{"start":{"line":115,"column":41},"end":{"line":115,"column":42}},"loc":{"start":{"line":115,"column":55},"end":{"line":131,"column":17}},"line":115},"30":{"name":"(anonymous_30)","decl":{"start":{"line":135,"column":18},"end":{"line":135,"column":19}},"loc":{"start":{"line":135,"column":30},"end":{"line":155,"column":5}},"line":135},"31":{"name":"(anonymous_31)","decl":{"start":{"line":137,"column":55},"end":{"line":137,"column":56}},"loc":{"start":{"line":137,"column":67},"end":{"line":154,"column":9}},"line":137},"32":{"name":"(anonymous_32)","decl":{"start":{"line":138,"column":51},"end":{"line":138,"column":52}},"loc":{"start":{"line":138,"column":63},"end":{"line":153,"column":13}},"line":138},"33":{"name":"(anonymous_33)","decl":{"start":{"line":140,"column":41},"end":{"line":140,"column":42}},"loc":{"start":{"line":140,"column":55},"end":{"line":152,"column":17}},"line":140},"34":{"name":"(anonymous_34)","decl":{"start":{"line":156,"column":18},"end":{"line":156,"column":19}},"loc":{"start":{"line":156,"column":30},"end":{"line":177,"column":5}},"line":156},"35":{"name":"(anonymous_35)","decl":{"start":{"line":158,"column":48},"end":{"line":158,"column":49}},"loc":{"start":{"line":158,"column":60},"end":{"line":176,"column":9}},"line":158},"36":{"name":"(anonymous_36)","decl":{"start":{"line":159,"column":51},"end":{"line":159,"column":52}},"loc":{"start":{"line":159,"column":63},"end":{"line":175,"column":13}},"line":159},"37":{"name":"(anonymous_37)","decl":{"start":{"line":161,"column":41},"end":{"line":161,"column":42}},"loc":{"start":{"line":161,"column":55},"end":{"line":174,"column":17}},"line":161},"38":{"name":"(anonymous_38)","decl":{"start":{"line":178,"column":18},"end":{"line":178,"column":19}},"loc":{"start":{"line":178,"column":30},"end":{"line":195,"column":5}},"line":178},"39":{"name":"(anonymous_39)","decl":{"start":{"line":180,"column":38},"end":{"line":180,"column":39}},"loc":{"start":{"line":180,"column":50},"end":{"line":194,"column":9}},"line":180},"40":{"name":"(anonymous_40)","decl":{"start":{"line":181,"column":51},"end":{"line":181,"column":52}},"loc":{"start":{"line":181,"column":63},"end":{"line":193,"column":13}},"line":181},"41":{"name":"(anonymous_41)","decl":{"start":{"line":183,"column":41},"end":{"line":183,"column":42}},"loc":{"start":{"line":183,"column":55},"end":{"line":192,"column":17}},"line":183},"42":{"name":"(anonymous_42)","decl":{"start":{"line":196,"column":18},"end":{"line":196,"column":19}},"loc":{"start":{"line":196,"column":30},"end":{"line":212,"column":5}},"line":196},"43":{"name":"(anonymous_43)","decl":{"start":{"line":198,"column":39},"end":{"line":198,"column":40}},"loc":{"start":{"line":198,"column":51},"end":{"line":211,"column":9}},"line":198},"44":{"name":"(anonymous_44)","decl":{"start":{"line":199,"column":51},"end":{"line":199,"column":52}},"loc":{"start":{"line":199,"column":63},"end":{"line":210,"column":13}},"line":199},"45":{"name":"(anonymous_45)","decl":{"start":{"line":201,"column":41},"end":{"line":201,"column":42}},"loc":{"start":{"line":201,"column":55},"end":{"line":209,"column":17}},"line":201},"46":{"name":"(anonymous_46)","decl":{"start":{"line":213,"column":18},"end":{"line":213,"column":19}},"loc":{"start":{"line":213,"column":30},"end":{"line":237,"column":5}},"line":213},"47":{"name":"(anonymous_47)","decl":{"start":{"line":215,"column":36},"end":{"line":215,"column":37}},"loc":{"start":{"line":215,"column":48},"end":{"line":236,"column":9}},"line":215},"48":{"name":"(anonymous_48)","decl":{"start":{"line":216,"column":51},"end":{"line":216,"column":52}},"loc":{"start":{"line":216,"column":63},"end":{"line":235,"column":13}},"line":216},"49":{"name":"(anonymous_49)","decl":{"start":{"line":218,"column":41},"end":{"line":218,"column":42}},"loc":{"start":{"line":218,"column":55},"end":{"line":234,"column":17}},"line":218},"50":{"name":"(anonymous_50)","decl":{"start":{"line":238,"column":18},"end":{"line":238,"column":19}},"loc":{"start":{"line":238,"column":30},"end":{"line":261,"column":5}},"line":238},"51":{"name":"(anonymous_51)","decl":{"start":{"line":240,"column":45},"end":{"line":240,"column":46}},"loc":{"start":{"line":240,"column":57},"end":{"line":260,"column":9}},"line":240},"52":{"name":"(anonymous_52)","decl":{"start":{"line":241,"column":51},"end":{"line":241,"column":52}},"loc":{"start":{"line":241,"column":63},"end":{"line":259,"column":13}},"line":241},"53":{"name":"(anonymous_53)","decl":{"start":{"line":243,"column":41},"end":{"line":243,"column":42}},"loc":{"start":{"line":243,"column":55},"end":{"line":258,"column":17}},"line":243},"54":{"name":"(anonymous_54)","decl":{"start":{"line":262,"column":18},"end":{"line":262,"column":19}},"loc":{"start":{"line":262,"column":30},"end":{"line":291,"column":5}},"line":262},"55":{"name":"(anonymous_55)","decl":{"start":{"line":264,"column":27},"end":{"line":264,"column":28}},"loc":{"start":{"line":264,"column":39},"end":{"line":290,"column":9}},"line":264},"56":{"name":"(anonymous_56)","decl":{"start":{"line":265,"column":51},"end":{"line":265,"column":52}},"loc":{"start":{"line":265,"column":63},"end":{"line":289,"column":13}},"line":265},"57":{"name":"(anonymous_57)","decl":{"start":{"line":267,"column":41},"end":{"line":267,"column":42}},"loc":{"start":{"line":267,"column":55},"end":{"line":288,"column":17}},"line":267},"58":{"name":"(anonymous_58)","decl":{"start":{"line":292,"column":18},"end":{"line":292,"column":19}},"loc":{"start":{"line":292,"column":30},"end":{"line":315,"column":5}},"line":292},"59":{"name":"(anonymous_59)","decl":{"start":{"line":294,"column":37},"end":{"line":294,"column":38}},"loc":{"start":{"line":294,"column":49},"end":{"line":314,"column":9}},"line":294},"60":{"name":"(anonymous_60)","decl":{"start":{"line":295,"column":51},"end":{"line":295,"column":52}},"loc":{"start":{"line":295,"column":63},"end":{"line":313,"column":13}},"line":295},"61":{"name":"(anonymous_61)","decl":{"start":{"line":297,"column":41},"end":{"line":297,"column":42}},"loc":{"start":{"line":297,"column":55},"end":{"line":312,"column":17}},"line":297},"62":{"name":"(anonymous_62)","decl":{"start":{"line":317,"column":33},"end":{"line":317,"column":34}},"loc":{"start":{"line":317,"column":45},"end":{"line":418,"column":1}},"line":317},"63":{"name":"(anonymous_63)","decl":{"start":{"line":318,"column":18},"end":{"line":318,"column":19}},"loc":{"start":{"line":318,"column":30},"end":{"line":342,"column":5}},"line":318},"64":{"name":"(anonymous_64)","decl":{"start":{"line":320,"column":48},"end":{"line":320,"column":49}},"loc":{"start":{"line":320,"column":60},"end":{"line":341,"column":9}},"line":320},"65":{"name":"(anonymous_65)","decl":{"start":{"line":321,"column":51},"end":{"line":321,"column":52}},"loc":{"start":{"line":321,"column":63},"end":{"line":340,"column":13}},"line":321},"66":{"name":"(anonymous_66)","decl":{"start":{"line":323,"column":41},"end":{"line":323,"column":42}},"loc":{"start":{"line":323,"column":55},"end":{"line":339,"column":17}},"line":323},"67":{"name":"(anonymous_67)","decl":{"start":{"line":343,"column":18},"end":{"line":343,"column":19}},"loc":{"start":{"line":343,"column":30},"end":{"line":368,"column":5}},"line":343},"68":{"name":"(anonymous_68)","decl":{"start":{"line":345,"column":42},"end":{"line":345,"column":43}},"loc":{"start":{"line":345,"column":54},"end":{"line":367,"column":9}},"line":345},"69":{"name":"(anonymous_69)","decl":{"start":{"line":346,"column":51},"end":{"line":346,"column":52}},"loc":{"start":{"line":346,"column":63},"end":{"line":366,"column":13}},"line":346},"70":{"name":"(anonymous_70)","decl":{"start":{"line":348,"column":41},"end":{"line":348,"column":42}},"loc":{"start":{"line":348,"column":55},"end":{"line":365,"column":17}},"line":348},"71":{"name":"(anonymous_71)","decl":{"start":{"line":369,"column":18},"end":{"line":369,"column":19}},"loc":{"start":{"line":369,"column":30},"end":{"line":393,"column":5}},"line":369},"72":{"name":"(anonymous_72)","decl":{"start":{"line":371,"column":40},"end":{"line":371,"column":41}},"loc":{"start":{"line":371,"column":52},"end":{"line":392,"column":9}},"line":371},"73":{"name":"(anonymous_73)","decl":{"start":{"line":372,"column":51},"end":{"line":372,"column":52}},"loc":{"start":{"line":372,"column":63},"end":{"line":391,"column":13}},"line":372},"74":{"name":"(anonymous_74)","decl":{"start":{"line":374,"column":41},"end":{"line":374,"column":42}},"loc":{"start":{"line":374,"column":55},"end":{"line":390,"column":17}},"line":374},"75":{"name":"(anonymous_75)","decl":{"start":{"line":394,"column":18},"end":{"line":394,"column":19}},"loc":{"start":{"line":394,"column":30},"end":{"line":417,"column":5}},"line":394},"76":{"name":"(anonymous_76)","decl":{"start":{"line":396,"column":38},"end":{"line":396,"column":39}},"loc":{"start":{"line":396,"column":50},"end":{"line":416,"column":9}},"line":396},"77":{"name":"(anonymous_77)","decl":{"start":{"line":397,"column":51},"end":{"line":397,"column":52}},"loc":{"start":{"line":397,"column":63},"end":{"line":415,"column":13}},"line":397},"78":{"name":"(anonymous_78)","decl":{"start":{"line":399,"column":41},"end":{"line":399,"column":42}},"loc":{"start":{"line":399,"column":55},"end":{"line":414,"column":17}},"line":399},"79":{"name":"(anonymous_79)","decl":{"start":{"line":419,"column":29},"end":{"line":419,"column":30}},"loc":{"start":{"line":419,"column":41},"end":{"line":452,"column":1}},"line":419},"80":{"name":"(anonymous_80)","decl":{"start":{"line":420,"column":18},"end":{"line":420,"column":19}},"loc":{"start":{"line":420,"column":30},"end":{"line":451,"column":5}},"line":420},"81":{"name":"(anonymous_81)","decl":{"start":{"line":422,"column":41},"end":{"line":422,"column":42}},"loc":{"start":{"line":422,"column":53},"end":{"line":450,"column":9}},"line":422},"82":{"name":"(anonymous_82)","decl":{"start":{"line":423,"column":51},"end":{"line":423,"column":52}},"loc":{"start":{"line":423,"column":63},"end":{"line":449,"column":13}},"line":423},"83":{"name":"(anonymous_83)","decl":{"start":{"line":425,"column":41},"end":{"line":425,"column":42}},"loc":{"start":{"line":425,"column":55},"end":{"line":448,"column":17}},"line":425}},"branchMap":{"0":{"loc":{"start":{"line":2,"column":16},"end":{"line":10,"column":1}},"type":"binary-expr","locations":[{"start":{"line":2,"column":17},"end":{"line":2,"column":21}},{"start":{"line":2,"column":25},"end":{"line":2,"column":39}},{"start":{"line":2,"column":44},"end":{"line":10,"column":1}}],"line":2},"1":{"loc":{"start":{"line":3,"column":35},"end":{"line":3,"column":109}},"type":"cond-expr","locations":[{"start":{"line":3,"column":56},"end":{"line":3,"column":61}},{"start":{"line":3,"column":64},"end":{"line":3,"column":109}}],"line":3},"2":{"loc":{"start":{"line":4,"column":16},"end":{"line":4,"column":34}},"type":"binary-expr","locations":[{"start":{"line":4,"column":16},"end":{"line":4,"column":17}},{"start":{"line":4,"column":22},"end":{"line":4,"column":33}}],"line":4},"3":{"loc":{"start":{"line":7,"column":32},"end":{"line":7,"column":115}},"type":"cond-expr","locations":[{"start":{"line":7,"column":46},"end":{"line":7,"column":67}},{"start":{"line":7,"column":70},"end":{"line":7,"column":115}}],"line":7},"4":{"loc":{"start":{"line":8,"column":51},"end":{"line":8,"column":67}},"type":"binary-expr","locations":[{"start":{"line":8,"column":51},"end":{"line":8,"column":61}},{"start":{"line":8,"column":65},"end":{"line":8,"column":67}}],"line":8},"5":{"loc":{"start":{"line":11,"column":18},"end":{"line":37,"column":1}},"type":"binary-expr","locations":[{"start":{"line":11,"column":19},"end":{"line":11,"column":23}},{"start":{"line":11,"column":27},"end":{"line":11,"column":43}},{"start":{"line":11,"column":48},"end":{"line":37,"column":1}}],"line":11},"6":{"loc":{"start":{"line":12,"column":43},"end":{"line":12,"column":68}},"type":"if","locations":[{"start":{"line":12,"column":43},"end":{"line":12,"column":68}},{"start":{"line":12,"column":43},"end":{"line":12,"column":68}}],"line":12},"7":{"loc":{"start":{"line":13,"column":71},"end":{"line":13,"column":153}},"type":"binary-expr","locations":[{"start":{"line":13,"column":71},"end":{"line":13,"column":99}},{"start":{"line":13,"column":104},"end":{"line":13,"column":152}}],"line":13},"8":{"loc":{"start":{"line":16,"column":8},"end":{"line":16,"column":70}},"type":"if","locations":[{"start":{"line":16,"column":8},"end":{"line":16,"column":70}},{"start":{"line":16,"column":8},"end":{"line":16,"column":70}}],"line":16},"9":{"loc":{"start":{"line":18,"column":12},"end":{"line":18,"column":169}},"type":"if","locations":[{"start":{"line":18,"column":12},"end":{"line":18,"column":169}},{"start":{"line":18,"column":12},"end":{"line":18,"column":169}}],"line":18},"10":{"loc":{"start":{"line":18,"column":23},"end":{"line":18,"column":158}},"type":"binary-expr","locations":[{"start":{"line":18,"column":23},"end":{"line":18,"column":24}},{"start":{"line":18,"column":29},"end":{"line":18,"column":125}},{"start":{"line":18,"column":130},"end":{"line":18,"column":158}}],"line":18},"11":{"loc":{"start":{"line":18,"column":33},"end":{"line":18,"column":125}},"type":"cond-expr","locations":[{"start":{"line":18,"column":45},"end":{"line":18,"column":56}},{"start":{"line":18,"column":59},"end":{"line":18,"column":125}}],"line":18},"12":{"loc":{"start":{"line":18,"column":59},"end":{"line":18,"column":125}},"type":"cond-expr","locations":[{"start":{"line":18,"column":67},"end":{"line":18,"column":116}},{"start":{"line":18,"column":119},"end":{"line":18,"column":125}}],"line":18},"13":{"loc":{"start":{"line":18,"column":67},"end":{"line":18,"column":116}},"type":"binary-expr","locations":[{"start":{"line":18,"column":67},"end":{"line":18,"column":77}},{"start":{"line":18,"column":82},"end":{"line":18,"column":115}}],"line":18},"14":{"loc":{"start":{"line":18,"column":82},"end":{"line":18,"column":112}},"type":"binary-expr","locations":[{"start":{"line":18,"column":83},"end":{"line":18,"column":98}},{"start":{"line":18,"column":103},"end":{"line":18,"column":112}}],"line":18},"15":{"loc":{"start":{"line":19,"column":12},"end":{"line":19,"column":52}},"type":"if","locations":[{"start":{"line":19,"column":12},"end":{"line":19,"column":52}},{"start":{"line":19,"column":12},"end":{"line":19,"column":52}}],"line":19},"16":{"loc":{"start":{"line":20,"column":12},"end":{"line":32,"column":13}},"type":"switch","locations":[{"start":{"line":21,"column":16},"end":{"line":21,"column":23}},{"start":{"line":21,"column":24},"end":{"line":21,"column":46}},{"start":{"line":22,"column":16},"end":{"line":22,"column":72}},{"start":{"line":23,"column":16},"end":{"line":23,"column":65}},{"start":{"line":24,"column":16},"end":{"line":24,"column":65}},{"start":{"line":25,"column":16},"end":{"line":31,"column":43}}],"line":20},"17":{"loc":{"start":{"line":26,"column":20},"end":{"line":26,"column":128}},"type":"if","locations":[{"start":{"line":26,"column":20},"end":{"line":26,"column":128}},{"start":{"line":26,"column":20},"end":{"line":26,"column":128}}],"line":26},"18":{"loc":{"start":{"line":26,"column":24},"end":{"line":26,"column":106}},"type":"binary-expr","locations":[{"start":{"line":26,"column":24},"end":{"line":26,"column":74}},{"start":{"line":26,"column":79},"end":{"line":26,"column":90}},{"start":{"line":26,"column":94},"end":{"line":26,"column":105}}],"line":26},"19":{"loc":{"start":{"line":26,"column":42},"end":{"line":26,"column":73}},"type":"binary-expr","locations":[{"start":{"line":26,"column":42},"end":{"line":26,"column":54}},{"start":{"line":26,"column":58},"end":{"line":26,"column":73}}],"line":26},"20":{"loc":{"start":{"line":27,"column":20},"end":{"line":27,"column":106}},"type":"if","locations":[{"start":{"line":27,"column":20},"end":{"line":27,"column":106}},{"start":{"line":27,"column":20},"end":{"line":27,"column":106}}],"line":27},"21":{"loc":{"start":{"line":27,"column":24},"end":{"line":27,"column":77}},"type":"binary-expr","locations":[{"start":{"line":27,"column":24},"end":{"line":27,"column":35}},{"start":{"line":27,"column":40},"end":{"line":27,"column":42}},{"start":{"line":27,"column":47},"end":{"line":27,"column":59}},{"start":{"line":27,"column":63},"end":{"line":27,"column":75}}],"line":27},"22":{"loc":{"start":{"line":28,"column":20},"end":{"line":28,"column":89}},"type":"if","locations":[{"start":{"line":28,"column":20},"end":{"line":28,"column":89}},{"start":{"line":28,"column":20},"end":{"line":28,"column":89}}],"line":28},"23":{"loc":{"start":{"line":28,"column":24},"end":{"line":28,"column":53}},"type":"binary-expr","locations":[{"start":{"line":28,"column":24},"end":{"line":28,"column":35}},{"start":{"line":28,"column":39},"end":{"line":28,"column":53}}],"line":28},"24":{"loc":{"start":{"line":29,"column":20},"end":{"line":29,"column":87}},"type":"if","locations":[{"start":{"line":29,"column":20},"end":{"line":29,"column":87}},{"start":{"line":29,"column":20},"end":{"line":29,"column":87}}],"line":29},"25":{"loc":{"start":{"line":29,"column":24},"end":{"line":29,"column":43}},"type":"binary-expr","locations":[{"start":{"line":29,"column":24},"end":{"line":29,"column":25}},{"start":{"line":29,"column":29},"end":{"line":29,"column":43}}],"line":29},"26":{"loc":{"start":{"line":30,"column":20},"end":{"line":30,"column":42}},"type":"if","locations":[{"start":{"line":30,"column":20},"end":{"line":30,"column":42}},{"start":{"line":30,"column":20},"end":{"line":30,"column":42}}],"line":30},"27":{"loc":{"start":{"line":35,"column":8},"end":{"line":35,"column":35}},"type":"if","locations":[{"start":{"line":35,"column":8},"end":{"line":35,"column":35}},{"start":{"line":35,"column":8},"end":{"line":35,"column":35}}],"line":35},"28":{"loc":{"start":{"line":35,"column":52},"end":{"line":35,"column":74}},"type":"cond-expr","locations":[{"start":{"line":35,"column":60},"end":{"line":35,"column":65}},{"start":{"line":35,"column":68},"end":{"line":35,"column":74}}],"line":35},"29":{"loc":{"start":{"line":38,"column":22},"end":{"line":40,"column":1}},"type":"binary-expr","locations":[{"start":{"line":38,"column":23},"end":{"line":38,"column":27}},{"start":{"line":38,"column":31},"end":{"line":38,"column":51}},{"start":{"line":38,"column":56},"end":{"line":40,"column":1}}],"line":38},"30":{"loc":{"start":{"line":39,"column":11},"end":{"line":39,"column":61}},"type":"cond-expr","locations":[{"start":{"line":39,"column":37},"end":{"line":39,"column":40}},{"start":{"line":39,"column":43},"end":{"line":39,"column":61}}],"line":39},"31":{"loc":{"start":{"line":39,"column":12},"end":{"line":39,"column":33}},"type":"binary-expr","locations":[{"start":{"line":39,"column":12},"end":{"line":39,"column":15}},{"start":{"line":39,"column":19},"end":{"line":39,"column":33}}],"line":39},"32":{"loc":{"start":{"line":67,"column":20},"end":{"line":78,"column":21}},"type":"switch","locations":[{"start":{"line":68,"column":24},"end":{"line":68,"column":80}},{"start":{"line":69,"column":24},"end":{"line":71,"column":77}},{"start":{"line":72,"column":24},"end":{"line":74,"column":80}},{"start":{"line":75,"column":24},"end":{"line":77,"column":50}}],"line":67},"33":{"loc":{"start":{"line":91,"column":20},"end":{"line":105,"column":21}},"type":"switch","locations":[{"start":{"line":92,"column":24},"end":{"line":100,"column":32}},{"start":{"line":101,"column":24},"end":{"line":104,"column":50}}],"line":91},"34":{"loc":{"start":{"line":116,"column":20},"end":{"line":130,"column":21}},"type":"switch","locations":[{"start":{"line":117,"column":24},"end":{"line":125,"column":32}},{"start":{"line":126,"column":24},"end":{"line":129,"column":50}}],"line":116},"35":{"loc":{"start":{"line":141,"column":20},"end":{"line":151,"column":21}},"type":"switch","locations":[{"start":{"line":142,"column":24},"end":{"line":146,"column":32}},{"start":{"line":147,"column":24},"end":{"line":150,"column":50}}],"line":141},"36":{"loc":{"start":{"line":162,"column":20},"end":{"line":173,"column":21}},"type":"switch","locations":[{"start":{"line":163,"column":24},"end":{"line":167,"column":32}},{"start":{"line":168,"column":24},"end":{"line":172,"column":50}}],"line":162},"37":{"loc":{"start":{"line":184,"column":20},"end":{"line":191,"column":21}},"type":"switch","locations":[{"start":{"line":185,"column":24},"end":{"line":186,"column":66}},{"start":{"line":187,"column":24},"end":{"line":190,"column":50}}],"line":184},"38":{"loc":{"start":{"line":202,"column":20},"end":{"line":208,"column":21}},"type":"switch","locations":[{"start":{"line":203,"column":24},"end":{"line":203,"column":86}},{"start":{"line":204,"column":24},"end":{"line":207,"column":50}}],"line":202},"39":{"loc":{"start":{"line":219,"column":20},"end":{"line":233,"column":21}},"type":"switch","locations":[{"start":{"line":220,"column":24},"end":{"line":224,"column":32}},{"start":{"line":225,"column":24},"end":{"line":228,"column":70}},{"start":{"line":229,"column":24},"end":{"line":232,"column":50}}],"line":219},"40":{"loc":{"start":{"line":227,"column":84},"end":{"line":227,"column":132}},"type":"cond-expr","locations":[{"start":{"line":227,"column":117},"end":{"line":227,"column":123}},{"start":{"line":227,"column":126},"end":{"line":227,"column":132}}],"line":227},"41":{"loc":{"start":{"line":227,"column":84},"end":{"line":227,"column":114}},"type":"binary-expr","locations":[{"start":{"line":227,"column":84},"end":{"line":227,"column":96}},{"start":{"line":227,"column":100},"end":{"line":227,"column":114}}],"line":227},"42":{"loc":{"start":{"line":244,"column":20},"end":{"line":257,"column":21}},"type":"switch","locations":[{"start":{"line":245,"column":24},"end":{"line":249,"column":32}},{"start":{"line":250,"column":24},"end":{"line":252,"column":136}},{"start":{"line":253,"column":24},"end":{"line":256,"column":50}}],"line":244},"43":{"loc":{"start":{"line":252,"column":84},"end":{"line":252,"column":132}},"type":"cond-expr","locations":[{"start":{"line":252,"column":117},"end":{"line":252,"column":123}},{"start":{"line":252,"column":126},"end":{"line":252,"column":132}}],"line":252},"44":{"loc":{"start":{"line":252,"column":84},"end":{"line":252,"column":114}},"type":"binary-expr","locations":[{"start":{"line":252,"column":84},"end":{"line":252,"column":96}},{"start":{"line":252,"column":100},"end":{"line":252,"column":114}}],"line":252},"45":{"loc":{"start":{"line":268,"column":20},"end":{"line":287,"column":21}},"type":"switch","locations":[{"start":{"line":269,"column":24},"end":{"line":273,"column":32}},{"start":{"line":274,"column":24},"end":{"line":282,"column":55}},{"start":{"line":283,"column":24},"end":{"line":286,"column":50}}],"line":268},"46":{"loc":{"start":{"line":280,"column":84},"end":{"line":280,"column":132}},"type":"cond-expr","locations":[{"start":{"line":280,"column":117},"end":{"line":280,"column":123}},{"start":{"line":280,"column":126},"end":{"line":280,"column":132}}],"line":280},"47":{"loc":{"start":{"line":280,"column":84},"end":{"line":280,"column":114}},"type":"binary-expr","locations":[{"start":{"line":280,"column":84},"end":{"line":280,"column":96}},{"start":{"line":280,"column":100},"end":{"line":280,"column":114}}],"line":280},"48":{"loc":{"start":{"line":298,"column":20},"end":{"line":311,"column":21}},"type":"switch","locations":[{"start":{"line":299,"column":24},"end":{"line":303,"column":32}},{"start":{"line":304,"column":24},"end":{"line":306,"column":136}},{"start":{"line":307,"column":24},"end":{"line":310,"column":50}}],"line":298},"49":{"loc":{"start":{"line":306,"column":84},"end":{"line":306,"column":132}},"type":"cond-expr","locations":[{"start":{"line":306,"column":117},"end":{"line":306,"column":123}},{"start":{"line":306,"column":126},"end":{"line":306,"column":132}}],"line":306},"50":{"loc":{"start":{"line":306,"column":84},"end":{"line":306,"column":114}},"type":"binary-expr","locations":[{"start":{"line":306,"column":84},"end":{"line":306,"column":96}},{"start":{"line":306,"column":100},"end":{"line":306,"column":114}}],"line":306},"51":{"loc":{"start":{"line":324,"column":20},"end":{"line":338,"column":21}},"type":"switch","locations":[{"start":{"line":325,"column":24},"end":{"line":333,"column":32}},{"start":{"line":334,"column":24},"end":{"line":337,"column":50}}],"line":324},"52":{"loc":{"start":{"line":349,"column":20},"end":{"line":364,"column":21}},"type":"switch","locations":[{"start":{"line":350,"column":24},"end":{"line":359,"column":53}},{"start":{"line":360,"column":24},"end":{"line":363,"column":50}}],"line":349},"53":{"loc":{"start":{"line":375,"column":20},"end":{"line":389,"column":21}},"type":"switch","locations":[{"start":{"line":376,"column":24},"end":{"line":380,"column":32}},{"start":{"line":381,"column":24},"end":{"line":384,"column":70}},{"start":{"line":385,"column":24},"end":{"line":388,"column":50}}],"line":375},"54":{"loc":{"start":{"line":383,"column":82},"end":{"line":383,"column":130}},"type":"cond-expr","locations":[{"start":{"line":383,"column":115},"end":{"line":383,"column":121}},{"start":{"line":383,"column":124},"end":{"line":383,"column":130}}],"line":383},"55":{"loc":{"start":{"line":383,"column":82},"end":{"line":383,"column":112}},"type":"binary-expr","locations":[{"start":{"line":383,"column":82},"end":{"line":383,"column":94}},{"start":{"line":383,"column":98},"end":{"line":383,"column":112}}],"line":383},"56":{"loc":{"start":{"line":400,"column":20},"end":{"line":413,"column":21}},"type":"switch","locations":[{"start":{"line":401,"column":24},"end":{"line":405,"column":32}},{"start":{"line":406,"column":24},"end":{"line":408,"column":134}},{"start":{"line":409,"column":24},"end":{"line":412,"column":50}}],"line":400},"57":{"loc":{"start":{"line":408,"column":82},"end":{"line":408,"column":130}},"type":"cond-expr","locations":[{"start":{"line":408,"column":115},"end":{"line":408,"column":121}},{"start":{"line":408,"column":124},"end":{"line":408,"column":130}}],"line":408},"58":{"loc":{"start":{"line":408,"column":82},"end":{"line":408,"column":112}},"type":"binary-expr","locations":[{"start":{"line":408,"column":82},"end":{"line":408,"column":94}},{"start":{"line":408,"column":98},"end":{"line":408,"column":112}}],"line":408},"59":{"loc":{"start":{"line":426,"column":20},"end":{"line":447,"column":21}},"type":"switch","locations":[{"start":{"line":427,"column":24},"end":{"line":431,"column":32}},{"start":{"line":432,"column":24},"end":{"line":438,"column":36}},{"start":{"line":439,"column":24},"end":{"line":442,"column":70}},{"start":{"line":443,"column":24},"end":{"line":446,"column":50}}],"line":426},"60":{"loc":{"start":{"line":441,"column":82},"end":{"line":441,"column":130}},"type":"cond-expr","locations":[{"start":{"line":441,"column":115},"end":{"line":441,"column":121}},{"start":{"line":441,"column":124},"end":{"line":441,"column":130}}],"line":441},"61":{"loc":{"start":{"line":441,"column":82},"end":{"line":441,"column":112}},"type":"binary-expr","locations":[{"start":{"line":441,"column":82},"end":{"line":441,"column":94}},{"start":{"line":441,"column":98},"end":{"line":441,"column":112}}],"line":441},"62":{"loc":{"start":{"line":441,"column":141},"end":{"line":441,"column":189}},"type":"cond-expr","locations":[{"start":{"line":441,"column":174},"end":{"line":441,"column":180}},{"start":{"line":441,"column":183},"end":{"line":441,"column":189}}],"line":441},"63":{"loc":{"start":{"line":441,"column":141},"end":{"line":441,"column":171}},"type":"binary-expr","locations":[{"start":{"line":441,"column":141},"end":{"line":441,"column":153}},{"start":{"line":441,"column":157},"end":{"line":441,"column":171}}],"line":441}},"s":{"0":1,"1":26,"2":26,"3":16,"4":26,"5":26,"6":0,"7":0,"8":0,"9":0,"10":42,"11":16,"12":1,"13":16,"14":26,"15":0,"16":26,"17":16,"18":0,"19":48,"20":42,"21":42,"22":0,"23":42,"24":84,"25":84,"26":0,"27":84,"28":0,"29":84,"30":42,"31":42,"32":26,"33":26,"34":0,"35":0,"36":0,"37":0,"38":0,"39":0,"40":0,"41":16,"42":16,"43":16,"44":0,"45":0,"46":0,"47":0,"48":0,"49":0,"50":0,"51":0,"52":0,"53":0,"54":0,"55":0,"56":0,"57":0,"58":0,"59":42,"60":0,"61":0,"62":84,"63":16,"64":0,"65":16,"66":1,"67":3,"68":1,"69":1,"70":1,"71":1,"72":1,"73":1,"74":1,"75":1,"76":1,"77":1,"78":1,"79":1,"80":1,"81":1,"82":1,"83":0,"84":0,"85":1,"86":1,"87":1,"88":1,"89":4,"90":1,"91":1,"92":1,"93":1,"94":1,"95":1,"96":1,"97":1,"98":1,"99":1,"100":1,"101":1,"102":2,"103":1,"104":1,"105":1,"106":1,"107":1,"108":1,"109":1,"110":1,"111":2,"112":1,"113":1,"114":1,"115":1,"116":1,"117":1,"118":1,"119":1,"120":2,"121":1,"122":1,"123":1,"124":1,"125":1,"126":1,"127":1,"128":1,"129":2,"130":1,"131":1,"132":1,"133":1,"134":1,"135":1,"136":1,"137":1,"138":1,"139":2,"140":1,"141":1,"142":1,"143":1,"144":1,"145":1,"146":1,"147":1,"148":2,"149":1,"150":1,"151":1,"152":1,"153":1,"154":1,"155":1,"156":1,"157":3,"158":1,"159":1,"160":1,"161":1,"162":1,"163":1,"164":1,"165":1,"166":1,"167":1,"168":3,"169":1,"170":1,"171":1,"172":1,"173":1,"174":1,"175":1,"176":1,"177":1,"178":1,"179":3,"180":1,"181":1,"182":1,"183":1,"184":1,"185":1,"186":1,"187":1,"188":1,"189":1,"190":1,"191":3,"192":1,"193":1,"194":1,"195":1,"196":1,"197":1,"198":1,"199":1,"200":1,"201":1,"202":1,"203":2,"204":1,"205":1,"206":1,"207":1,"208":1,"209":1,"210":1,"211":1,"212":2,"213":1,"214":1,"215":1,"216":1,"217":1,"218":1,"219":1,"220":1,"221":1,"222":3,"223":1,"224":1,"225":1,"226":1,"227":1,"228":1,"229":1,"230":1,"231":1,"232":1,"233":3,"234":1,"235":1,"236":1,"237":1,"238":1,"239":1,"240":1,"241":1,"242":1,"243":1,"244":1,"245":4,"246":1,"247":1,"248":1,"249":1,"250":1,"251":1,"252":1,"253":1},"f":{"0":16,"1":26,"2":26,"3":16,"4":26,"5":0,"6":42,"7":16,"8":26,"9":0,"10":48,"11":42,"12":42,"13":3,"14":1,"15":1,"16":0,"17":1,"18":1,"19":1,"20":4,"21":1,"22":1,"23":1,"24":1,"25":2,"26":1,"27":1,"28":1,"29":2,"30":1,"31":1,"32":1,"33":2,"34":1,"35":1,"36":1,"37":2,"38":1,"39":1,"40":1,"41":2,"42":1,"43":1,"44":1,"45":2,"46":1,"47":1,"48":1,"49":3,"50":1,"51":1,"52":1,"53":3,"54":1,"55":1,"56":1,"57":3,"58":1,"59":1,"60":1,"61":3,"62":1,"63":1,"64":1,"65":1,"66":2,"67":1,"68":1,"69":1,"70":2,"71":1,"72":1,"73":1,"74":3,"75":1,"76":1,"77":1,"78":3,"79":1,"80":1,"81":1,"82":1,"83":4},"b":{"0":[1,1,1],"1":[0,26],"2":[16,16],"3":[16,26],"4":[16,16],"5":[1,1,1],"6":[0,26],"7":[16,16],"8":[0,42],"9":[0,84],"10":[84,0,0],"11":[0,0],"12":[0,0],"13":[0,0],"14":[0,0],"15":[0,84],"16":[42,42,26,0,0,16],"17":[16,0],"18":[16,16,16],"19":[16,0],"20":[0,0],"21":[0,0,0,0],"22":[0,0],"23":[0,0],"24":[0,0],"25":[0,0],"26":[0,0],"27":[0,16],"28":[16,0],"29":[1,1,1],"30":[1,2],"31":[3,3],"32":[1,1,1,1],"33":[1,1],"34":[1,1],"35":[1,1],"36":[1,1],"37":[1,1],"38":[1,1],"39":[1,1,1],"40":[0,1],"41":[1,1],"42":[1,1,1],"43":[0,1],"44":[1,1],"45":[1,1,1],"46":[0,1],"47":[1,1],"48":[1,1,1],"49":[0,1],"50":[1,1],"51":[1,1],"52":[1,1],"53":[1,1,1],"54":[0,1],"55":[1,1],"56":[1,1,1],"57":[0,1],"58":[1,1],"59":[1,1,1,1],"60":[0,1],"61":[1,1],"62":[0,1],"63":[1,1]},"inputSourceMap":{"version":3,"file":"C:/Users/WAMBUGU/Desktop/folder/coding stuff/typescript projects/bus-booking-app/src/tests/test.spec.ts","sources":["C:/Users/WAMBUGU/Desktop/folder/coding stuff/typescript projects/bus-booking-app/src/tests/test.spec.ts"],"names":[],"mappings":";;;;;;;;;;;;;;;;;;;;;;;;;;;;;;;;;;;;;;;;;AAAA,8CAAwB;AACxB,yCAA8C;AAC9C,uCAA6C;AAC7C,+BAAsC;AACtC,8DAAwC;AACxC,qDAA+B;AAE/B,IAAM,MAAM,GAAG,cAAI,CAAC,MAAM,CAAC;AAC3B,IAAM,UAAU,GAAG,iBAAO,CAAC,gBAAM,CAAC,CAAC;AACnC,IAAM,MAAM,GAAG,IAAI,qBAAY,EAAE,CAAC;AAClC,IAAM,OAAO,GAAG;IACd,KAAK,EAAE,eAAe;CAEvB,CAAC;AACF,IAAM,KAAK,GAAG,sBAAY,CAAC,IAAI,CAAC,OAAO,EAAE,OAAO,CAAC,GAAG,CAAC,aAAc,EAAE,EAAE,SAAS,EAAE,QAAQ,EAAE,CAAC,CAAC;AAE9F,QAAQ,CAAC,iBAAiB,EAAE;IAE1B,EAAE,CAAC,iCAAiC,EAAE;QACpC,cAAM,CAAC,UAAC,IAAI;YACV,MAAM,CAAC,CAAC,GAAG,CAAC,CAAC,CAAC,EAAE,CAAC,KAAK,CAAC,CAAC,CAAC,CAAC;YAC1B,IAAI,EAAE,CAAC;QAET,CAAC,CAAC,CAAC;IACL,CAAC,CAAC,CAAC;IAEH,EAAE,CAAC,cAAc,EAAE;QACjB,sDAAsD;QACtD,aAAK,CAAC;;;;gCACJ,qBAAM,MAAM,CAAC,GAAG,CAAC,UAAU,CAAC,EAAE,CAAC,EAAA;;4BAA/B,SAA+B,CAAC;4BAChC,qBAAM,MAAM,CAAC,IAAI,CAAC,UAAU,CAAC,EAAE,CAAC,EAAA;;4BAAhC,SAAgC,CAAC;4BACjC,qBAAM,MAAM,CAAC,OAAO,CAAC,UAAU,CAAC,EAAE,CAAC,EAAA;;4BAAnC,SAAmC,CAAC;;;;;SAErC,CAAC,CAAC;IAEL,CAAC,CAAC,CAAC;AAEL,CAAC,CAAC,CAAC;AAEH,QAAQ,CAAC,gBAAgB,EAAE;IACzB,QAAQ,CAAC,GAAG,EAAE;QACZ,sDAAsD;QACtD,EAAE,CAAC,kCAAkC,EAAE;;;;;gCAEzB,qBAAM,UAAU,CAAC,IAAI,CAAC,kBAAkB,CAAC;iCAClD,IAAI,CAAC;gCACJ,QAAQ,EAAE,MAAM;gCAChB,KAAK,EAAE,QAAQ;gCACf,QAAQ,EAAE,OAAO;gCACjB,eAAe,EAAC,KAAK;gCACrB,IAAI,EAAC,KAAK;gCACV,MAAM,EAAC,KAAK;6BACb,CAAC,EAAA;;4BARE,GAAG,GAAG,SAQR;4BACJ,MAAM,CAAC,GAAG,CAAC,MAAM,CAAC,CAAC,EAAE,CAAC,KAAK,CAAC,GAAG,CAAC,CAAC;;;;;SAElC,CAAC,CAAC;IAEL,CAAC,CAAC,CAAC;IACH,QAAQ,CAAC,GAAG,EAAE;QACZ,sDAAsD;QACtD,EAAE,CAAC,2CAA2C,EAAE;;;;;gCAClC,qBAAM,UAAU,CAAC,IAAI,CAAC,kBAAkB,CAAC;iCAClD,IAAI,CAAC;gCACJ,QAAQ,EAAE,UAAU;gCACpB,KAAK,EAAE,eAAe;gCACtB,QAAQ,EAAE,QAAQ;gCAClB,eAAe,EAAE,QAAQ;gCACzB,IAAI,EAAE,QAAQ;gCACd,MAAM,EAAE,OAAO;6BAChB,CAAC,EAAA;;4BARE,GAAG,GAAG,SAQR;4BACJ,MAAM,CAAC,GAAG,CAAC,MAAM,CAAC,CAAC,EAAE,CAAC,KAAK,CAAC,GAAG,CAAC,CAAC;;;;;SAElC,CAAC,CAAC;IACL,CAAC,CAAC,CAAC;IACH,QAAQ,CAAC,GAAG,EAAE;QACX,sDAAsD;QACvD,EAAE,CAAC,0CAA0C,EAAE;;;;;gCAEjC,qBAAM,UAAU,CAAC,IAAI,CAAC,eAAe,CAAC;iCAC/C,IAAI,CAAC;gCACJ,KAAK,EAAC,eAAe;gCACrB,QAAQ,EAAC,QAAQ;6BAClB,CAAC,EAAA;;4BAJE,GAAG,GAAG,SAIR;4BAEJ,MAAM,CAAC,GAAG,CAAC,MAAM,CAAC,CAAC,EAAE,CAAC,EAAE,CAAC,KAAK,CAAC,GAAG,CAAC,CAAC;;;;;SAErC,CAAC,CAAC;IAEL,CAAC,CAAC,CAAC;IACH,QAAQ,CAAC,GAAG,EAAE;QACX,sDAAsD;QACvD,EAAE,CAAC,mCAAmC,EAAE;;;;;gCAE1B,qBAAM,UAAU,CAAC,IAAI,CAAC,eAAe,CAAC;iCAC/C,IAAI,CAAC;gCACJ,KAAK,EAAC,eAAe;gCACrB,QAAQ,EAAC,QAAQ;6BAClB,CAAC,EAAA;;4BAJE,GAAG,GAAG,SAIR;4BAEJ,MAAM,CAAC,GAAG,CAAC,MAAM,CAAC,CAAC,EAAE,CAAC,EAAE,CAAC,KAAK,CAAC,GAAG,CAAC,CAAC;4BACpC,MAAM,CAAC,GAAG,CAAC,IAAI,CAAC,CAAC,EAAE,CAAC,IAAI,CAAC,QAAQ,CAAC,OAAO,CAAC,CAAC;;;;;SAE5C,CAAC,CAAC;IACL,CAAC,CAAC,CAAC;IAEH,QAAQ,CAAC,GAAG,EAAE;QACZ,sDAAsD;QACtD,EAAE,CAAC,yBAAyB,EAAE;;;;;gCAChB,qBAAM,UAAU,CAAC,GAAG,CAAC,eAAe,CAAC;iCAC9C,IAAI,CAAC,KAAK,EAAE,EAAE,IAAI,EAAE,QAAQ,EAAE,CAAC,EAAA;;4BAD5B,GAAG,GAAG,SACsB;4BAElC,MAAM,CAAC,GAAG,CAAC,MAAM,CAAC,CAAC,EAAE,CAAC,EAAE,CAAC,KAAK,CAAC,GAAG,CAAC,CAAC;;;;;SAErC,CAAC,CAAC;IAEL,CAAC,CAAC,CAAC;IACH,QAAQ,CAAC,GAAG,EAAE;QACX,sDAAsD;QACvD,EAAE,CAAC,0BAA0B,EAAE;;;;;gCACjB,qBAAM,UAAU,CAAC,GAAG,CAAC,eAAe,CAAC,EAAA;;4BAA3C,GAAG,GAAG,SAAqC;4BAEjD,MAAM,CAAC,GAAG,CAAC,MAAM,CAAC,CAAC,EAAE,CAAC,EAAE,CAAC,KAAK,CAAC,GAAG,CAAC,CAAC;;;;;SAErC,CAAC,CAAC;IACL,CAAC,CAAC,CAAC;IACH,QAAQ,CAAC,GAAG,EAAE;QACX,sDAAsD;QACvD,EAAE,CAAC,uBAAuB,EAAE;;;;;gCAEd,qBAAM,MAAM,CAAC,IAAI,CAAC,OAAO,CAAC;gCACpC,KAAK,EAAE;oCACL,KAAK,EAAE,eAAe;iCACvB;6BACF,CAAC,EAAA;;4BAJI,GAAG,GAAG,SAIV;4BACU,qBAAM,UAAU,CAAC,GAAG,CAAC,oBAAiB,GAAG,aAAH,GAAG,uBAAH,GAAG,CAAE,EAAE,CAAE,CAAC;qCAC3D,IAAI,CAAC,KAAK,EAAE,EAAE,IAAI,EAAE,QAAQ,EAAE,CAAC,EAAA;;4BAD1B,GAAG,GAAG,SACoB;4BAEhC,MAAM,CAAC,GAAG,CAAC,MAAM,CAAC,CAAC,EAAE,CAAC,EAAE,CAAC,KAAK,CAAC,GAAG,CAAC,CAAC;;;;;SAErC,CAAC,CAAC;IAEL,CAAC,CAAC,CAAC;IACH,QAAQ,CAAC,GAAG,EAAE;QACX,sDAAsD;QACvD,EAAE,CAAC,gCAAgC,EAAE;;;;;gCAEvB,qBAAM,MAAM,CAAC,IAAI,CAAC,OAAO,CAAC;gCACpC,KAAK,EAAE;oCACL,KAAK,EAAE,eAAe;iCACvB;6BACF,CAAC,EAAA;;4BAJI,GAAG,GAAG,SAIV;4BACU,qBAAM,UAAU,CAAC,GAAG,CAAC,oBAAiB,GAAG,aAAH,GAAG,uBAAH,GAAG,CAAE,EAAE,CAAE,CAAC,EAAA;;4BAAtD,GAAG,GAAG,SAAgD;4BAE5D,MAAM,CAAC,GAAG,CAAC,MAAM,CAAC,CAAC,EAAE,CAAC,EAAE,CAAC,KAAK,CAAC,GAAG,CAAC,CAAC;;;;;SAErC,CAAC,CAAC;IACL,CAAC,CAAC,CAAC;IAEH,QAAQ,CAAC,GAAG,EAAE;QACX,sDAAsD;QACvD,EAAE,CAAC,cAAc,EAAE;;;;;gCAEL,qBAAM,MAAM,CAAC,IAAI,CAAC,OAAO,CAAC;gCACpC,KAAK,EAAE;oCACL,KAAK,EAAE,eAAe;iCACvB;6BACF,CAAC,EAAA;;4BAJI,GAAG,GAAG,SAIV;4BACI,UAAU,GAAG;gCACjB,MAAM,EAAC,OAAO;gCACd,IAAI,EAAC,SAAS;6BACf,CAAC;4BACU,qBAAM,UAAU,CAAC,GAAG,CAAC,oBAAiB,GAAG,aAAH,GAAG,uBAAH,GAAG,CAAE,EAAE,CAAE,CAAC;qCAC3D,IAAI,CAAC,KAAK,EAAE,EAAE,IAAI,EAAE,QAAQ,EAAE,CAAC;qCAC/B,IAAI,CAAC,UAAU,CAAC,EAAA;;4BAFX,GAAG,GAAG,SAEK;4BAEjB,MAAM,CAAC,GAAG,CAAC,MAAM,CAAC,CAAC,EAAE,CAAC,EAAE,CAAC,KAAK,CAAC,GAAG,CAAC,CAAC;;;;;SAErC,CAAC,CAAC;IAEL,CAAC,CAAC,CAAC;IACH,QAAQ,CAAC,GAAG,EAAE;QACX,sDAAsD;QACvD,EAAE,CAAC,wBAAwB,EAAE;;;;;gCAEf,qBAAM,MAAM,CAAC,IAAI,CAAC,OAAO,CAAC;gCACpC,KAAK,EAAE;oCACL,KAAK,EAAE,eAAe;iCACvB;6BACF,CAAC,EAAA;;4BAJI,GAAG,GAAG,SAIV;4BACU,qBAAM,UAAU,CAAC,GAAG,CAAC,oBAAiB,GAAG,aAAH,GAAG,uBAAH,GAAG,CAAE,EAAE,CAAE,CAAC,EAAA;;4BAAtD,GAAG,GAAG,SAAgD;4BAE5D,MAAM,CAAC,GAAG,CAAC,MAAM,CAAC,CAAC,EAAE,CAAC,EAAE,CAAC,KAAK,CAAC,GAAG,CAAC,CAAC;;;;;SAErC,CAAC,CAAC;IAEL,CAAC,CAAC,CAAC;AAEL,CAAC,CAAC,CAAC;AAEH,QAAQ,CAAC,sBAAsB,EAAE;IAC/B,QAAQ,CAAC,GAAG,EAAE;QACX,sDAAsD;QACvD,EAAE,CAAC,mCAAmC,EAAE;;;;;gCAE1B,qBAAM,UAAU,CAAC,IAAI,CAAC,aAAa,CAAC;iCAC/C,IAAI,CAAC,KAAK,EAAE,EAAE,IAAI,EAAE,QAAQ,EAAE,CAAC;iCAC/B,IAAI,CAAC;gCACJ,MAAM,EAAE,QAAQ;gCAChB,MAAM,EAAE,KAAK;gCACb,KAAK,EAAE,CAAC;gCACR,aAAa,EAAE,0BAA0B;gCACzC,WAAW,EAAE,yBAAyB;6BACvC,CAAC,EAAA;;4BARI,GAAG,GAAG,SAQV;4BAEF,MAAM,CAAC,GAAG,CAAC,MAAM,CAAC,CAAC,EAAE,CAAC,KAAK,CAAC,GAAG,CAAC,CAAC;;;;;SAElC,CAAC,CAAC;IAEL,CAAC,CAAC,CAAC;IACH,QAAQ,CAAC,GAAG,EAAE;QACX,sDAAsD;QACvD,EAAE,CAAC,6BAA6B,EAAE;;;;;;4BAC1B,QAAQ,GAAG;gCACf,MAAM,EAAE,QAAQ;gCAChB,MAAM,EAAE,KAAK;gCACb,KAAK,EAAE,GAAG;gCACV,aAAa,EAAE,sBAAsB;gCACrC,WAAW,EAAE,sBAAsB;6BACpC,CAAC;4BACU,qBAAM,UAAU,CAAC,IAAI,CAAC,aAAa,CAAC;qCAC/C,IAAI,CAAC,QAAQ,CAAC,EAAA;;4BADT,GAAG,GAAG,SACG;4BAEf,MAAM,CAAC,GAAG,CAAC,MAAM,CAAC,CAAC,EAAE,CAAC,KAAK,CAAC,GAAG,CAAC,CAAC;;;;;SAElC,CAAC,CAAC;IACL,CAAC,CAAC,CAAC;IAEH,QAAQ,CAAC,GAAG,EAAE;QACX,sDAAsD;QACvD,EAAE,CAAC,2BAA2B,EAAE;;;;;gCAElB,qBAAM,MAAM,CAAC,GAAG,CAAC,OAAO,CAAC;gCACnC,KAAK,EAAE;oCACL,MAAM,EAAE,QAAQ;iCACjB;6BACF,CAAC,EAAA;;4BAJI,GAAG,GAAG,SAIV;4BACU,qBAAM,UAAU,CAAC,GAAG,CAAC,kBAAe,GAAG,aAAH,GAAG,uBAAH,GAAG,CAAE,EAAE,CAAE,CAAC;qCACzD,IAAI,CAAC,KAAK,EAAE,EAAE,IAAI,EAAE,QAAQ,EAAE,CAAC,EAAA;;4BAD1B,GAAG,GAAG,SACoB;4BAEhC,MAAM,CAAC,GAAG,CAAC,MAAM,CAAC,CAAC,EAAE,CAAC,EAAE,CAAC,KAAK,CAAC,GAAG,CAAC,CAAC;;;;;SAErC,CAAC,CAAC;IACL,CAAC,CAAC,CAAC;IACH,QAAQ,CAAC,GAAG,EAAE;QACX,sDAAsD;QACvD,EAAE,CAAC,yBAAyB,EAAE;;;;;gCAEhB,qBAAM,MAAM,CAAC,GAAG,CAAC,OAAO,CAAC;gCACnC,KAAK,EAAE;oCACL,MAAM,EAAE,QAAQ;iCACjB;6BACF,CAAC,EAAA;;4BAJI,GAAG,GAAG,SAIV;4BACU,qBAAM,UAAU,CAAC,GAAG,CAAC,kBAAe,GAAG,aAAH,GAAG,uBAAH,GAAG,CAAE,EAAE,CAAE,CAAC,EAAA;;4BAApD,GAAG,GAAG,SAA8C;4BAE1D,MAAM,CAAC,GAAG,CAAC,MAAM,CAAC,CAAC,EAAE,CAAC,EAAE,CAAC,KAAK,CAAC,GAAG,CAAC,CAAC;;;;;SAErC,CAAC,CAAC;IAEL,CAAC,CAAC,CAAC;AACL,CAAC,CAAC,CAAC;AAEH,QAAQ,CAAC,kBAAkB,EAAE;IAC3B,QAAQ,CAAC,GAAG,EAAE;QACX,sDAAsD;QACvD,EAAE,CAAC,4BAA4B,EAAE;;;;;gCAEnB,qBAAM,MAAM,CAAC,GAAG,CAAC,OAAO,CAAC;gCACnC,KAAK,EAAE;oCACL,MAAM,EAAE,QAAQ;iCACjB;6BACF,CAAC,EAAA;;4BAJI,GAAG,GAAG,SAIV;4BAEU,qBAAM,MAAM,CAAC,IAAI,CAAC,OAAO,CAAC;oCACpC,KAAK,EAAE;wCACL,KAAK,EAAE,eAAe;qCACvB;iCACF,CAAC,EAAA;;4BAJI,GAAG,GAAG,SAIV;4BACU,qBAAM,UAAU,CAAC,GAAG,CAAC,kBAAe,GAAG,aAAH,GAAG,uBAAH,GAAG,CAAE,EAAE,WAAI,GAAG,aAAH,GAAG,uBAAH,GAAG,CAAE,EAAE,CAAE,CAAC;qCACpE,IAAI,CAAC,KAAK,EAAE,EAAE,IAAI,EAAE,QAAQ,EAAE,CAAC,EAAA;;4BAD1B,GAAG,GAAG,SACoB;4BAEhC,MAAM,CAAC,GAAG,CAAC,CAAC;;;;;SAEb,CAAC,CAAC;IAEL,CAAC,CAAC,CAAC;AAEL,CAAC,CAAC,CAAC","sourcesContent":["import chai from 'chai';\r\nimport { PrismaClient } from '@prisma/client';\r\nimport { agent as request } from 'supertest';\r\nimport { after, before } from 'mocha';\r\nimport jsonwebtoken from 'jsonwebtoken';\r\nimport server from '../server';\r\n\r\nconst expect = chai.expect;\r\nconst testServer = request(server);\r\nconst prisma = new PrismaClient();\r\nconst payload = {\r\n  email: 'user@user.com',\r\n\r\n};\r\nconst token = jsonwebtoken.sign(payload, process.env.SECRET_OR_KEY!, { expiresIn: 94608000 });\r\n\r\ndescribe('INITIALIZE TEST', () => {\r\n\r\n  it('Checks if mocha is working fine', () => {\r\n    before((done) => {\r\n      expect(1 + 1).to.equal(2);\r\n      done();\r\n\r\n    });\r\n  });\r\n\r\n  it('Cleans up DB', () => {\r\n    // tslint:disable-next-line: ter-prefer-arrow-callback\r\n    after(async function(){\r\n      await prisma.bus.deleteMany({});\r\n      await prisma.user.deleteMany({});\r\n      await prisma.address.deleteMany({});\r\n     \r\n    });\r\n\r\n  });\r\n\r\n});\r\n\r\ndescribe('USER API TESTS', () => {\r\n  describe('A', () => {\r\n    // tslint:disable-next-line: ter-prefer-arrow-callback\r\n    it('Doesnt Register User with errors', async function () {\r\n\r\n      const res = await testServer.post('/api/v1/register')\r\n        .send({\r\n          username: 'user',\r\n          email: 'email@',\r\n          password: '12345',\r\n          confirmpassword:'123',\r\n          city:'abc',\r\n          county:'cde',\r\n        });\r\n      expect(res.status).to.equal(400);\r\n\r\n    });\r\n\r\n  });\r\n  describe('B', () => {\r\n    // tslint:disable-next-line: ter-prefer-arrow-callback\r\n    it('Registers a user with correct credentials', async function () {\r\n      const res = await testServer.post('/api/v1/register')\r\n        .send({\r\n          username: 'username',\r\n          email: 'user@user.com',\r\n          password: '123456',\r\n          confirmpassword: '123456',\r\n          city: 'abcdff',\r\n          county: 'cdeff',\r\n        });\r\n      expect(res.status).to.equal(201);\r\n\r\n    });\r\n  });\r\n  describe('C', () => {\r\n     // tslint:disable-next-line: ter-prefer-arrow-callback\r\n    it('Doesnt Log in with incorrect credentials', async function () {\r\n\r\n      const res = await testServer.post('/api/v1/login')\r\n        .send({\r\n          email:'user@mail.com',\r\n          password:'123456',\r\n        });\r\n\r\n      expect(res.status).to.be.equal(404);\r\n\r\n    });\r\n\r\n  });\r\n  describe('D', () => {\r\n     // tslint:disable-next-line: ter-prefer-arrow-callback\r\n    it('Produce Token after correct Login', async function () {\r\n\r\n      const res = await testServer.post('/api/v1/login')\r\n        .send({\r\n          email:'user@user.com',\r\n          password:'123456',\r\n        });\r\n\r\n      expect(res.status).to.be.equal(200);\r\n      expect(res.body).to.have.property('token');\r\n\r\n    });\r\n  });\r\n\r\n  describe('F', () => {\r\n    // tslint:disable-next-line: ter-prefer-arrow-callback\r\n    it('Retrieves All user data', async function () {\r\n      const res = await testServer.get('/api/v1/users')\r\n        .auth(token, { type: 'bearer' });\r\n\r\n      expect(res.status).to.be.equal(200);\r\n\r\n    });\r\n\r\n  });\r\n  describe('G', () => {\r\n     // tslint:disable-next-line: ter-prefer-arrow-callback\r\n    it('Doesnt Retrieve userData', async function () {\r\n      const res = await testServer.get('/api/v1/users');\r\n\r\n      expect(res.status).to.be.equal(401);\r\n\r\n    });\r\n  });\r\n  describe('H', () => {\r\n     // tslint:disable-next-line: ter-prefer-arrow-callback\r\n    it('Fetch user data by Id', async function () {\r\n      // tslint:disable-next-line: await-promise\r\n      const abc = await prisma.user.findOne({\r\n        where: {\r\n          email: 'user@user.com',\r\n        },\r\n      });\r\n      const res = await testServer.get(`/api/v1/users/${abc?.id}`)\r\n      .auth(token, { type: 'bearer' });\r\n\r\n      expect(res.status).to.be.equal(200);\r\n\r\n    });\r\n\r\n  });\r\n  describe('I', () => {\r\n     // tslint:disable-next-line: ter-prefer-arrow-callback\r\n    it('Fails to fetch user data by Id', async function () {\r\n      // tslint:disable-next-line: await-promise\r\n      const abc = await prisma.user.findOne({\r\n        where: {\r\n          email: 'user@user.com',\r\n        },\r\n      });\r\n      const res = await testServer.get(`/api/v1/users/${abc?.id}`);\r\n\r\n      expect(res.status).to.be.equal(401);\r\n\r\n    });\r\n  });\r\n\r\n  describe('J', () => {\r\n     // tslint:disable-next-line: ter-prefer-arrow-callback\r\n    it('Updates User', async function () {\r\n      // tslint:disable-next-line: await-promise\r\n      const abc = await prisma.user.findOne({\r\n        where: {\r\n          email: 'user@user.com',\r\n        },\r\n      });\r\n      const updateData = {\r\n        county:'Kenya',\r\n        city:'Nairobi',\r\n      };\r\n      const res = await testServer.put(`/api/v1/users/${abc?.id}`)\r\n      .auth(token, { type: 'bearer' })\r\n      .send(updateData);\r\n\r\n      expect(res.status).to.be.equal(200);\r\n\r\n    });\r\n\r\n  });\r\n  describe('K', () => {\r\n     // tslint:disable-next-line: ter-prefer-arrow-callback\r\n    it('Should Not update User', async function () {\r\n      // tslint:disable-next-line: await-promise\r\n      const abc = await prisma.user.findOne({\r\n        where: {\r\n          email: 'user@user.com',\r\n        },\r\n      });\r\n      const res = await testServer.put(`/api/v1/users/${abc?.id}`);\r\n\r\n      expect(res.status).to.be.equal(401);\r\n\r\n    });\r\n\r\n  });\r\n\r\n});\r\n\r\ndescribe('BUS AND BOOKING TEST', () => {\r\n  describe('A', () => {\r\n     // tslint:disable-next-line: ter-prefer-arrow-callback\r\n    it('Registers A new Bus for transport', async function () {\r\n\r\n      const res = await testServer.post('/api/v1/bus')\r\n      .auth(token, { type: 'bearer' })\r\n      .send({\r\n        plates: 'KDA001',\r\n        routes: 'A-B',\r\n        price: 5,\r\n        departureTime: '2030-10-12T14:38:08.700Z',\r\n        arrivalTime: '2030-10-13T14:38:08.00Z',\r\n      });\r\n\r\n      expect(res.status).to.equal(200);\r\n\r\n    });\r\n\r\n  });\r\n  describe('B', () => {\r\n     // tslint:disable-next-line: ter-prefer-arrow-callback\r\n    it('Doesnt Register the new Bus', async function () {\r\n      const bDetails = {\r\n        plates: 'KDA001',\r\n        routes: 'A-B',\r\n        price: '5',\r\n        departureTime: '2022-10-1214:34:08.7',\r\n        arrivalTime: '2022-10-1214:38:08.7',\r\n      };\r\n      const res = await testServer.post('/api/v1/bus')\r\n      .send(bDetails);\r\n\r\n      expect(res.status).to.equal(401);\r\n\r\n    });\r\n  });\r\n\r\n  describe('D', () => {\r\n     // tslint:disable-next-line: ter-prefer-arrow-callback\r\n    it('Fetches Bus details by Id', async function () {\r\n      // tslint:disable-next-line: await-promise\r\n      const cde = await prisma.bus.findOne({\r\n        where: {\r\n          plates: 'KDA001',\r\n        },\r\n      });\r\n      const res = await testServer.get(`/api/v1/bus/${cde?.id}`)\r\n      .auth(token, { type: 'bearer' });\r\n\r\n      expect(res.status).to.be.equal(200);\r\n\r\n    });\r\n  });\r\n  describe('E', () => {\r\n     // tslint:disable-next-line: ter-prefer-arrow-callback\r\n    it('Fails to fetch Bus Data', async function () {\r\n       // tslint:disable-next-line: await-promise\r\n      const cde = await prisma.bus.findOne({\r\n        where: {\r\n          plates: 'KDA001',\r\n        },\r\n      });\r\n      const res = await testServer.get(`/api/v1/bus/${cde?.id}`);\r\n\r\n      expect(res.status).to.be.equal(401);\r\n\r\n    });\r\n\r\n  });\r\n});\r\n\r\ndescribe('TRANSACTION TEST', () => {\r\n  describe('A', () => {\r\n     // tslint:disable-next-line: ter-prefer-arrow-callback\r\n    it('Creates A payment instance', async function () {\r\n       // tslint:disable-next-line: await-promise\r\n      const cde = await prisma.bus.findOne({\r\n        where: {\r\n          plates: 'KDA001',\r\n        },\r\n      });\r\n       // tslint:disable-next-line: await-promise\r\n      const abc = await prisma.user.findOne({\r\n        where: {\r\n          email: 'user@user.com',\r\n        },\r\n      });\r\n      const res = await testServer.get(`/api/v1/pay/${abc?.id}/${cde?.id}`)\r\n      .auth(token, { type: 'bearer' });\r\n\r\n      expect(res);\r\n\r\n    });\r\n\r\n  });\r\n\r\n});\r\n"]},"_coverageSchema":"1a1c01bbd47fc00a2c39e90264f33305004495a9","hash":"8ad60fe2be123b13fe1cf8215ae38f92e5581735","contentHash":"3366fd12487a083c2bf2eaa63acad7feb5817f8d61cd8a4a683e06b9220b0a3a"},"C:\\Users\\WAMBUGU\\Desktop\\folder\\coding stuff\\typescript projects\\bus-booking-app\\src\\server.ts":{"path":"C:\\Users\\WAMBUGU\\Desktop\\folder\\coding stuff\\typescript projects\\bus-booking-app\\src\\server.ts","statementMap":{"0":{"start":{"line":2,"column":22},"end":{"line":4,"column":1}},"1":{"start":{"line":3,"column":4},"end":{"line":3,"column":62}},"2":{"start":{"line":5,"column":0},"end":{"line":5,"column":62}},"3":{"start":{"line":6,"column":16},"end":{"line":6,"column":51}},"4":{"start":{"line":7,"column":15},"end":{"line":7,"column":49}},"5":{"start":{"line":8,"column":13},"end":{"line":8,"column":45}},"6":{"start":{"line":9,"column":15},"end":{"line":9,"column":49}},"7":{"start":{"line":10,"column":20},"end":{"line":10,"column":59}},"8":{"start":{"line":11,"column":0},"end":{"line":11,"column":27}},"9":{"start":{"line":13,"column":15},"end":{"line":13,"column":51}},"10":{"start":{"line":15,"column":0},"end":{"line":15,"column":26}},"11":{"start":{"line":16,"column":10},"end":{"line":16,"column":29}},"12":{"start":{"line":23,"column":0},"end":{"line":23,"column":34}},"13":{"start":{"line":24,"column":0},"end":{"line":24,"column":58}},"14":{"start":{"line":26,"column":0},"end":{"line":26,"column":26}},"15":{"start":{"line":28,"column":0},"end":{"line":28,"column":28}},"16":{"start":{"line":30,"column":0},"end":{"line":30,"column":33}},"17":{"start":{"line":32,"column":0},"end":{"line":32,"column":37}},"18":{"start":{"line":34,"column":11},"end":{"line":34,"column":27}},"19":{"start":{"line":35,"column":0},"end":{"line":38,"column":3}},"20":{"start":{"line":37,"column":4},"end":{"line":37,"column":85}},"21":{"start":{"line":39,"column":0},"end":{"line":39,"column":22}}},"fnMap":{"0":{"name":"(anonymous_0)","decl":{"start":{"line":2,"column":56},"end":{"line":2,"column":57}},"loc":{"start":{"line":2,"column":71},"end":{"line":4,"column":1}},"line":2},"1":{"name":"(anonymous_1)","decl":{"start":{"line":35,"column":17},"end":{"line":35,"column":18}},"loc":{"start":{"line":35,"column":29},"end":{"line":38,"column":1}},"line":35}},"branchMap":{"0":{"loc":{"start":{"line":2,"column":22},"end":{"line":4,"column":1}},"type":"binary-expr","locations":[{"start":{"line":2,"column":23},"end":{"line":2,"column":27}},{"start":{"line":2,"column":31},"end":{"line":2,"column":51}},{"start":{"line":2,"column":56},"end":{"line":4,"column":1}}],"line":2},"1":{"loc":{"start":{"line":3,"column":11},"end":{"line":3,"column":61}},"type":"cond-expr","locations":[{"start":{"line":3,"column":37},"end":{"line":3,"column":40}},{"start":{"line":3,"column":43},"end":{"line":3,"column":61}}],"line":3},"2":{"loc":{"start":{"line":3,"column":12},"end":{"line":3,"column":33}},"type":"binary-expr","locations":[{"start":{"line":3,"column":12},"end":{"line":3,"column":15}},{"start":{"line":3,"column":19},"end":{"line":3,"column":33}}],"line":3}},"s":{"0":1,"1":6,"2":1,"3":1,"4":1,"5":1,"6":1,"7":1,"8":1,"9":1,"10":1,"11":1,"12":1,"13":1,"14":1,"15":1,"16":1,"17":1,"18":1,"19":1,"20":1,"21":1},"f":{"0":6,"1":1},"b":{"0":[1,1,1],"1":[1,5],"2":[6,6]},"inputSourceMap":{"version":3,"file":"C:/Users/WAMBUGU/Desktop/folder/coding stuff/typescript projects/bus-booking-app/src/server.ts","sources":["C:/Users/WAMBUGU/Desktop/folder/coding stuff/typescript projects/bus-booking-app/src/server.ts"],"names":[],"mappings":";;;;;AAAA,oDAA8B;AAE9B,kDAA4B;AAC5B,8CAAwB;AACxB,kDAA4B;AAC5B,4DAAsC;AAEtC,2BAAyB;AAEzB,uCAAuC;AACvC,oDAAkC;AAClC,2CAA2C;AAE3C,gBAAM,CAAC,MAAM,EAAE,CAAC;AAChB,IAAM,GAAG,GAAwB,iBAAO,EAAE,CAAC;AAE1C,yBAAyB;AAC1B;;;;GAIG;AAEH,GAAG,CAAC,GAAG,CAAC,iBAAO,CAAC,IAAI,EAAE,CAAC,CAAC;AACxB,GAAG,CAAC,GAAG,CAAC,iBAAO,CAAC,UAAU,CAAC,EAAE,QAAQ,EAAE,IAAI,EAAE,CAAC,CAAC,CAAC;AAEhD,OAAO;AAEP,GAAG,CAAC,GAAG,CAAC,cAAI,EAAE,CAAC,CAAC;AAEhB,SAAS;AACT,GAAG,CAAC,GAAG,CAAC,gBAAM,EAAE,CAAC,CAAC;AAElB,cAAc;AACd,GAAG,CAAC,GAAG,CAAC,qBAAW,EAAE,CAAC,CAAC;AAEvB,oBAAoB;AACpB,GAAG,CAAC,GAAG,CAAC,SAAS,EAAE,gBAAU,CAAC,CAAC;AAE/B,iBAAiB;AAEjB,IAAM,IAAI,GAAG,OAAO,CAAC,GAAG,CAAC,IAAI,CAAC;AAE9B,GAAG,CAAC,MAAM,CAAC,IAAI,EAAE;IACf,sCAAsC;IACtC,OAAO,CAAC,GAAG,CAAC,iCAA+B,IAAI,8BAAO,CAAC,CAAC;AAC1D,CAAC,CAAC,CAAC;AAEH,kBAAe,GAAG,CAAC","sourcesContent":["import express from 'express';\r\nimport bodyParser from 'body-parser';\r\nimport helmet from 'helmet';\r\nimport cors from 'cors';\r\nimport dotenv from 'dotenv';\r\nimport compression from 'compression';\r\nimport passport from 'passport';\r\nimport './auth/passport';\r\n\r\n// tslint:disable-next-line:import-name\r\nimport userRoutes from './routes';\r\n// tslint:disable-next-line:no-var-requires\r\n\r\ndotenv.config();\r\nconst app: express.Application = express();\r\n\r\n // BODY-PARSER MIDDLEWARE\r\n/*\r\n* With express version =>4.16.0\r\n* Body-parser middleware was added back under\r\n* express.json() & express.urlencoded\r\n */\r\n\r\napp.use(express.json());\r\napp.use(express.urlencoded({ extended: true }));\r\n\r\n// CORS\r\n\r\napp.use(cors());\r\n\r\n// HELMET\r\napp.use(helmet());\r\n\r\n// COMPRESSION\r\napp.use(compression());\r\n\r\n// ROUTES MIDDLEWARE\r\napp.use('/api/v1', userRoutes);\r\n\r\n// LISTENING PORT\r\n\r\nconst PORT = process.env.PORT;\r\n\r\napp.listen(PORT, () => {\r\n  // tslint:disable-next-line:no-console\r\n  console.log(`Server is listening on port ${PORT} 🔥🔥`);\r\n});\r\n\r\nexport default app;\r\n"]},"_coverageSchema":"1a1c01bbd47fc00a2c39e90264f33305004495a9","hash":"738296891164ef8aaae0393b352ab5c806b23c1a","contentHash":"ff271d87ff5670da792533ec419eb6587fbc0246a46675f9725a9736320e6556"},"C:\\Users\\WAMBUGU\\Desktop\\folder\\coding stuff\\typescript projects\\bus-booking-app\\src\\auth\\passport.ts":{"path":"C:\\Users\\WAMBUGU\\Desktop\\folder\\coding stuff\\typescript projects\\bus-booking-app\\src\\auth\\passport.ts","statementMap":{"0":{"start":{"line":2,"column":22},"end":{"line":4,"column":1}},"1":{"start":{"line":3,"column":4},"end":{"line":3,"column":62}},"2":{"start":{"line":5,"column":0},"end":{"line":5,"column":62}},"3":{"start":{"line":6,"column":17},"end":{"line":6,"column":53}},"4":{"start":{"line":7,"column":21},"end":{"line":7,"column":61}},"5":{"start":{"line":8,"column":15},"end":{"line":8,"column":40}},"6":{"start":{"line":9,"column":13},"end":{"line":9,"column":40}},"7":{"start":{"line":10,"column":18},"end":{"line":10,"column":49}},"8":{"start":{"line":11,"column":17},"end":{"line":11,"column":50}},"9":{"start":{"line":12,"column":11},"end":{"line":15,"column":1}},"10":{"start":{"line":16,"column":0},"end":{"line":28,"column":4}},"11":{"start":{"line":17,"column":4},"end":{"line":27,"column":7}},"12":{"start":{"line":19,"column":8},"end":{"line":21,"column":9}},"13":{"start":{"line":20,"column":12},"end":{"line":20,"column":36}},"14":{"start":{"line":22,"column":8},"end":{"line":22,"column":33}},"15":{"start":{"line":24,"column":8},"end":{"line":26,"column":9}},"16":{"start":{"line":25,"column":12},"end":{"line":25,"column":36}},"17":{"start":{"line":29,"column":0},"end":{"line":29,"column":37}}},"fnMap":{"0":{"name":"(anonymous_0)","decl":{"start":{"line":2,"column":56},"end":{"line":2,"column":57}},"loc":{"start":{"line":2,"column":71},"end":{"line":4,"column":1}},"line":2},"1":{"name":"(anonymous_1)","decl":{"start":{"line":16,"column":45},"end":{"line":16,"column":46}},"loc":{"start":{"line":16,"column":70},"end":{"line":28,"column":1}},"line":16},"2":{"name":"(anonymous_2)","decl":{"start":{"line":18,"column":14},"end":{"line":18,"column":15}},"loc":{"start":{"line":18,"column":30},"end":{"line":23,"column":5}},"line":18},"3":{"name":"(anonymous_3)","decl":{"start":{"line":23,"column":13},"end":{"line":23,"column":14}},"loc":{"start":{"line":23,"column":28},"end":{"line":27,"column":5}},"line":23}},"branchMap":{"0":{"loc":{"start":{"line":2,"column":22},"end":{"line":4,"column":1}},"type":"binary-expr","locations":[{"start":{"line":2,"column":23},"end":{"line":2,"column":27}},{"start":{"line":2,"column":31},"end":{"line":2,"column":51}},{"start":{"line":2,"column":56},"end":{"line":4,"column":1}}],"line":2},"1":{"loc":{"start":{"line":3,"column":11},"end":{"line":3,"column":61}},"type":"cond-expr","locations":[{"start":{"line":3,"column":37},"end":{"line":3,"column":40}},{"start":{"line":3,"column":43},"end":{"line":3,"column":61}}],"line":3},"2":{"loc":{"start":{"line":3,"column":12},"end":{"line":3,"column":33}},"type":"binary-expr","locations":[{"start":{"line":3,"column":12},"end":{"line":3,"column":15}},{"start":{"line":3,"column":19},"end":{"line":3,"column":33}}],"line":3},"3":{"loc":{"start":{"line":19,"column":8},"end":{"line":21,"column":9}},"type":"if","locations":[{"start":{"line":19,"column":8},"end":{"line":21,"column":9}},{"start":{"line":19,"column":8},"end":{"line":21,"column":9}}],"line":19},"4":{"loc":{"start":{"line":24,"column":8},"end":{"line":26,"column":9}},"type":"if","locations":[{"start":{"line":24,"column":8},"end":{"line":26,"column":9}},{"s
[...]
end":{"line":129,"column":21}},"line":82},"18":{"name":"(anonymous_18)","decl":{"start":{"line":82,"column":83},"end":{"line":82,"column":84}},"loc":{"start":{"line":82,"column":95},"end":{"line":129,"column":17}},"line":82},"19":{"name":"(anonymous_19)","decl":{"start":{"line":85,"column":45},"end":{"line":85,"column":46}},"loc":{"start":{"line":85,"column":59},"end":{"line":128,"column":21}},"line":85},"20":{"name":"(anonymous_20)","decl":{"start":{"line":119,"column":51},"end":{"line":119,"column":52}},"loc":{"start":{"line":119,"column":72},"end":{"line":126,"column":25}},"line":119},"21":{"name":"(anonymous_21)","decl":{"start":{"line":130,"column":27},"end":{"line":130,"column":28}},"loc":{"start":{"line":130,"column":42},"end":{"line":132,"column":17}},"line":130}},"branchMap":{"0":{"loc":{"start":{"line":2,"column":16},"end":{"line":10,"column":1}},"type":"binary-expr","locations":[{"start":{"line":2,"column":17},"end":{"line":2,"column":21}},{"start":{"line":2,"column":25},"end":{"line":2,"column":39}},{"start":{"line":2,"column":44},"end":{"line":10,"column":1}}],"line":2},"1":{"loc":{"start":{"line":3,"column":35},"end":{"line":3,"column":109}},"type":"cond-expr","locations":[{"start":{"line":3,"column":56},"end":{"line":3,"column":61}},{"start":{"line":3,"column":64},"end":{"line":3,"column":109}}],"line":3},"2":{"loc":{"start":{"line":4,"column":16},"end":{"line":4,"column":34}},"type":"binary-expr","locations":[{"start":{"line":4,"column":16},"end":{"line":4,"column":17}},{"start":{"line":4,"column":22},"end":{"line":4,"column":33}}],"line":4},"3":{"loc":{"start":{"line":7,"column":32},"end":{"line":7,"column":115}},"type":"cond-expr","locations":[{"start":{"line":7,"column":46},"end":{"line":7,"column":67}},{"start":{"line":7,"column":70},"end":{"line":7,"column":115}}],"line":7},"4":{"loc":{"start":{"line":8,"column":51},"end":{"line":8,"column":67}},"type":"binary-expr","locations":[{"start":{"line":8,"column":51},"end":{"line":8,"column":61}},{"start":{"line":8,"column":65},"end":{"line":8,"column":67}}],"line":8},"5":{"loc":{"start":{"line":11,"column":18},"end":{"line":37,"column":1}},"type":"binary-expr","locations":[{"start":{"line":11,"column":19},"end":{"line":11,"column":23}},{"start":{"line":11,"column":27},"end":{"line":11,"column":43}},{"start":{"line":11,"column":48},"end":{"line":37,"column":1}}],"line":11},"6":{"loc":{"start":{"line":12,"column":43},"end":{"line":12,"column":68}},"type":"if","locations":[{"start":{"line":12,"column":43},"end":{"line":12,"column":68}},{"start":{"line":12,"column":43},"end":{"line":12,"column":68}}],"line":12},"7":{"loc":{"start":{"line":13,"column":71},"end":{"line":13,"column":153}},"type":"binary-expr","locations":[{"start":{"line":13,"column":71},"end":{"line":13,"column":99}},{"start":{"line":13,"column":104},"end":{"line":13,"column":152}}],"line":13},"8":{"loc":{"start":{"line":16,"column":8},"end":{"line":16,"column":70}},"type":"if","locations":[{"start":{"line":16,"column":8},"end":{"line":16,"column":70}},{"start":{"line":16,"column":8},"end":{"line":16,"column":70}}],"line":16},"9":{"loc":{"start":{"line":18,"column":12},"end":{"line":18,"column":169}},"type":"if","locations":[{"start":{"line":18,"column":12},"end":{"line":18,"column":169}},{"start":{"line":18,"column":12},"end":{"line":18,"column":169}}],"line":18},"10":{"loc":{"start":{"line":18,"column":23},"end":{"line":18,"column":158}},"type":"binary-expr","locations":[{"start":{"line":18,"column":23},"end":{"line":18,"column":24}},{"start":{"line":18,"column":29},"end":{"line":18,"column":125}},{"start":{"line":18,"column":130},"end":{"line":18,"column":158}}],"line":18},"11":{"loc":{"start":{"line":18,"column":33},"end":{"line":18,"column":125}},"type":"cond-expr","locations":[{"start":{"line":18,"column":45},"end":{"line":18,"column":56}},{"start":{"line":18,"column":59},"end":{"line":18,"column":125}}],"line":18},"12":{"loc":{"start":{"line":18,"column":59},"end":{"line":18,"column":125}},"type":"cond-expr","locations":[{"start":{"line":18,"column":67},"end":{"line":18,"column":116}},{"start":{"line":18,"column":119},"end":{"line":18,"column":125}}],"line":18},"13":{"loc":{"start":{"line":18,"column":67},"end":{"line":18,"column":116}},"type":"binary-expr","locations":[{"start":{"line":18,"column":67},"end":{"line":18,"column":77}},{"start":{"line":18,"column":82},"end":{"line":18,"column":115}}],"line":18},"14":{"loc":{"start":{"line":18,"column":82},"end":{"line":18,"column":112}},"type":"binary-expr","locations":[{"start":{"line":18,"column":83},"end":{"line":18,"column":98}},{"start":{"line":18,"column":103},"end":{"line":18,"column":112}}],"line":18},"15":{"loc":{"start":{"line":19,"column":12},"end":{"line":19,"column":52}},"type":"if","locations":[{"start":{"line":19,"column":12},"end":{"line":19,"column":52}},{"start":{"line":19,"column":12},"end":{"line":19,"column":52}}],"line":19},"16":{"loc":{"start":{"line":20,"column":12},"end":{"line":32,"column":13}},"type":"switch","locations":[{"start":{"line":21,"column":16},"end":{"line":21,"column":23}},{"start":{"line":21,"column":24},"end":{"line":21,"column":46}},{"start":{"line":22,"column":16},"end":{"line":22,"column":72}},{"start":{"line":23,"column":16},"end":{"line":23,"column":65}},{"start":{"line":24,"column":16},"end":{"line":24,"column":65}},{"start":{"line":25,"column":16},"end":{"line":31,"column":43}}],"line":20},"17":{"loc":{"start":{"line":26,"column":20},"end":{"line":26,"column":128}},"type":"if","locations":[{"start":{"line":26,"column":20},"end":{"line":26,"column":128}},{"start":{"line":26,"column":20},"end":{"line":26,"column":128}}],"line":26},"18":{"loc":{"start":{"line":26,"column":24},"end":{"line":26,"column":106}},"type":"binary-expr","locations":[{"start":{"line":26,"column":24},"end":{"line":26,"column":74}},{"start":{"line":26,"column":79},"end":{"line":26,"column":90}},{"start":{"line":26,"column":94},"end":{"line":26,"column":105}}],"line":26},"19":{"loc":{"start":{"line":26,"column":42},"end":{"line":26,"column":73}},"type":"binary-expr","locations":[{"start":{"line":26,"column":42},"end":{"line":26,"column":54}},{"start":{"line":26,"column":58},"end":{"line":26,"column":73}}],"line":26},"20":{"loc":{"start":{"line":27,"column":20},"end":{"line":27,"column":106}},"type":"if","locations":[{"start":{"line":27,"column":20},"end":{"line":27,"column":106}},{"start":{"line":27,"column":20},"end":{"line":27,"column":106}}],"line":27},"21":{"loc":{"start":{"line":27,"column":24},"end":{"line":27,"column":77}},"type":"binary-expr","locations":[{"start":{"line":27,"column":24},"end":{"line":27,"column":35}},{"start":{"line":27,"column":40},"end":{"line":27,"column":42}},{"start":{"line":27,"column":47},"end":{"line":27,"column":59}},{"start":{"line":27,"column":63},"end":{"line":27,"column":75}}],"line":27},"22":{"loc":{"start":{"line":28,"column":20},"end":{"line":28,"column":89}},"type":"if","locations":[{"start":{"line":28,"column":20},"end":{"line":28,"column":89}},{"start":{"line":28,"column":20},"end":{"line":28,"column":89}}],"line":28},"23":{"loc":{"start":{"line":28,"column":24},"end":{"line":28,"column":53}},"type":"binary-expr","locations":[{"start":{"line":28,"column":24},"end":{"line":28,"column":35}},{"start":{"line":28,"column":39},"end":{"line":28,"column":53}}],"line":28},"24":{"loc":{"start":{"line":29,"column":20},"end":{"line":29,"column":87}},"type":"if","locations":[{"start":{"line":29,"column":20},"end":{"line":29,"column":87}},{"start":{"line":29,"column":20},"end":{"line":29,"column":87}}],"line":29},"25":{"loc":{"start":{"line":29,"column":24},"end":{"line":29,"column":43}},"type":"binary-expr","locations":[{"start":{"line":29,"column":24},"end":{"line":29,"column":25}},{"start":{"line":29,"column":29},"end":{"line":29,"column":43}}],"line":29},"26":{"loc":{"start":{"line":30,"column":20},"end":{"line":30,"column":42}},"type":"if","locations":[{"start":{"line":30,"column":20},"end":{"line":30,"column":42}},{"start":{"line":30,"column":20},"end":{"line":30,"column":42}}],"line":30},"27":{"loc":{"start":{"line":35,"column":8},"end":{"line":35,"column":35}},"type":"if","locations":[{"start":{"line":35,"column":8},"end":{"line":35,"column":35}},{"start":{"line":35,"column":8},"end":{"line":35,"column":35}}],"line":35},"28":{"loc":{"start":{"line":35,"column":52},"end":{"line":35,"column":74}},"type":"cond-expr","locations":[{"start":{"line":35,"column":60},"end":{"line":35,"column":65}},{"start":{"line":35,"column":68},"end":{"line":35,"column":74}}],"line":35},"29":{"loc":{"start":{"line":38,"column":22},"end":{"line":40,"column":1}},"type":"binary-expr","locations":[{"start":{"line":38,"column":23},"end":{"line":38,"column":27}},{"start":{"line":38,"column":31},"end":{"line":38,"column":51}},{"start":{"line":38,"column":56},"end":{"line":40,"column":1}}],"line":38},"30":{"loc":{"start":{"line":39,"column":11},"end":{"line":39,"column":61}},"type":"cond-expr","locations":[{"start":{"line":39,"column":37},"end":{"line":39,"column":40}},{"start":{"line":39,"column":43},"end":{"line":39,"column":61}}],"line":39},"31":{"loc":{"start":{"line":39,"column":12},"end":{"line":39,"column":33}},"type":"binary-expr","locations":[{"start":{"line":39,"column":12},"end":{"line":39,"column":15}},{"start":{"line":39,"column":19},"end":{"line":39,"column":33}}],"line":39},"32":{"loc":{"start":{"line":68,"column":8},"end":{"line":136,"column":9}},"type":"switch","locations":[{"start":{"line":69,"column":12},"end":{"line":132,"column":20}},{"start":{"line":133,"column":12},"end":{"line":135,"column":38}}],"line":68},"33":{"loc":{"start":{"line":88,"column":38},"end":{"line":88,"column":89}},"type":"cond-expr","locations":[{"start":{"line":88,"column":69},"end":{"line":88,"column":75}},{"start":{"line":88,"column":78},"end":{"line":88,"column":89}}],"line":88},"34":{"loc":{"start":{"line":88,"column":38},"end":{"line":88,"column":66}},"type":"binary-expr","locations":[{"start":{"line":88,"column":38},"end":{"line":88,"column":49}},{"start":{"line":88,"column":53},"end":{"line":88,"column":66}}],"line":88},"35":{"loc":{"start":{"line":93,"column":48},"end":{"line":93,"column":111}},"type":"cond-expr","locations":[{"start":{"line":93,"column":79},"end":{"line":93,"column":85}},{"start":{"line":93,"column":88},"end":{"line":93,"column":111}}],"line":93},"36":{"loc":{"start":{"line":93,"column":48},"end":{"line":93,"column":76}},"type":"binary-expr","locations":[{"start":{"line":93,"column":48},"end":{"line":93,"column":59}},{"start":{"line":93,"column":63},"end":{"line":93,"column":76}}],"line":93},"37":{"loc":{"start":{"line":94,"column":78},"end":{"line":94,"column":184}},"type":"cond-expr","locations":[{"start":{"line":94,"column":166},"end":{"line":94,"column":172}},{"start":{"line":94,"column":175},"end":{"line":94,"column":184}}],"line":94},"38":{"loc":{"start":{"line":94,"column":78},"end":{"line":94,"column":163}},"type":"binary-expr","locations":[{"start":{"line":94,"column":78},"end":{"line":94,"column":146}},{"start":{"line":94,"column":150},"end":{"line":94,"column":163}}],"line":94},"39":{"loc":{"start":{"line":94,"column":84},"end":{"line":94,"column":136}},"type":"cond-expr","locations":[{"start":{"line":94,"column":115},"end":{"line":94,"column":121}},{"start":{"line":94,"column":124},"end":{"line":94,"column":136}}],"line":94},"40":{"loc":{"start":{"line":94,"column":84},"end":{"line":94,"column":112}},"type":"binary-expr","locations":[{"start":{"line":94,"column":84},"end":{"line":94,"column":95}},{"start":{"line":94,"column":99},"end":{"line":94,"column":112}}],"line":94},"41":{"loc":{"start":{"line":95,"column":51},"end":{"line":95,"column":116}},"type":"cond-expr","locations":[{"start":{"line":95,"column":82},"end":{"line":95,"column":88}},{"start":{"line":95,"column":91},"end":{"line":95,"column":116}}],"line":95},"42":{"loc":{"start":{"line":95,"column":51},"end":{"line":95,"column":79}},"type":"binary-expr","locations":[{"start":{"line":95,"column":51},"end":{"line":95,"column":62}},{"start":{"line":95,"column":66},"end":{"line":95,"column":79}}],"line":95},"43":{"loc":{"start":{"line":114,"column":32},"end":{"line":114,"column":80}},"type":"cond-expr","locations":[{"start":{"line":114,"column":63},"end":{"line":114,"column":69}},{"start":{"line":114,"column":72},"end":{"line":114,"column":80}}],"line":114},"44":{"loc":{"start":{"line":114,"column":32},"end":{"line":114,"column":60}},"type":"binary-expr","locations":[{"start":{"line":114,"column":32},"end":{"line":114,"column":43}},{"start":{"line":114,"column":47},"end":{"line":114,"column":60}}],"line":114},"45":{"loc":{"start":{"line":120,"column":28},"end":{"line":122,"column":29}},"type":"if","locations":[{"start":{"line":120,"column":28},"end":{"line":122,"column":29}},{"start":{"line":120,"column":28},"end":{"line":122,"column":29}}],"line":120},"46":{"loc":{"start":{"line":123,"column":28},"end":{"line":125,"column":29}},"type":"if","locations":[{"start":{"line":123,"column":28},"end":{"line":125,"column":29}},{"start":{"line":123,"column":28},"end":{"line":125,"column":29}}],"line":123}},"s":{"0":1,"1":0,"2":0,"3":0,"4":0,"5":0,"6":0,"7":0,"8":0,"9":0,"10":0,"11":0,"12":1,"13":0,"14":0,"15":0,"16":0,"17":0,"18":0,"19":0,"20":0,"21":0,"22":0,"23":0,"24":0,"25":0,"26":0,"27":0,"28":0,"29":0,"30":0,"31":0,"32":0,"33":0,"34":0,"35":0,"36":0,"37":0,"38":0,"39":0,"40":0,"41":0,"42":0,"43":0,"44":0,"45":0,"46":0,"47":0,"48":0,"49":0,"50":0,"51":0,"52":0,"53":0,"54":0,"55":0,"56":0,"57":0,"58":0,"59":0,"60":0,"61":0,"62":0,"63":0,"64":0,"65":0,"66":1,"67":2,"68":1,"69":1,"70":1,"71":1,"72":1,"73":1,"74":1,"75":1,"76":1,"77":0,"78":0,"79":0,"80":0,"81":0,"82":0,"83":0,"84":0,"85":0,"86":0,"87":0,"88":0,"89":0,"90":0,"91":0,"92":0,"93":0,"94":0,"95":0},"f":{"0":0,"1":0,"2":0,"3":0,"4":0,"5":0,"6":0,"7":0,"8":0,"9":0,"10":0,"11":0,"12":0,"13":2,"14":0,"15":0,"16":0,"17":0,"18":0,"19":0,"20":0,"21":0},"b":{"0":[1,1,1],"1":[0,0],"2":[0,0],"3":[0,0],"4":[0,0],"5":[1,1,1],"6":[0,0],"7":[0,0],"8":[0,0],"9":[0,0],"10":[0,0,0],"11":[0,0],"12":[0,0],"13":[0,0],"14":[0,0],"15":[0,0],"16":[0,0,0,0,0,0],"17":[0,0],"18":[0,0,0],"19":[0,0],"20":[0,0],"21":[0,0,0,0],"22":[0,0],"23":[0,0],"24":[0,0],"25":[0,0],"26":[0,0],"27":[0,0],"28":[0,0],"29":[1,1,1],"30":[0,2],"31":[2,2],"32":[0,0],"33":[0,0],"34":[0,0],"35":[0,0],"36":[0,0],"37":[0,0],"38":[0,0],"39":[0,0],"40":[0,0],"41":[0,0],"42":[0,0],"43":[0,0],"44":[0,0],"45":[0,0],"46":[0,0]},"inputSourceMap":{"version":3,"file":"C:/Users/WAMBUGU/Desktop/folder/coding stuff/typescript projects/bus-booking-app/src/controller/EmailController.ts","sources":["C:/Users/WAMBUGU/Desktop/folder/coding stuff/typescript projects/bus-booking-app/src/controller/EmailController.ts"],"names":[],"mappings":";;;;;;;;;;;;;;;;;;;;;;;;;;;;;;;;;;;;;;;;;;AACA,yCAA8C;AAC9C,0DAAoC;AACpC,oDAA2C;AAE3C,IAAM,MAAM,GAAG,IAAI,qBAAY,EAAE,CAAC;AAElC,IAAM,WAAW,GAAG,oBAAU,CAAC,eAAe,CAAC;IAC7C,IAAI,EAAE,kBAAkB;IACxB,IAAI,EAAE,IAAI;IACV,MAAM,EAAE,KAAK;IACb,IAAI,EAAE;QACJ,IAAI,EAAE,OAAO,CAAC,GAAG,CAAC,SAAU;QAC5B,IAAI,EAAE,OAAO,CAAC,GAAG,CAAC,SAAU;KAC7B;IACD,KAAK,EAAE,IAAI;IACX,MAAM,EAAE,IAAI;CACb,CAAC,CAAC;AAEH,IAAM,QAAQ,GAAG,IAAI,iBAAO,CAAC;IAC3B,KAAK,EAAE,SAAS;IAChB,OAAO,EAAE;QACP,wCAAwC;QACxC,IAAI,EAAE,iBAAiB;QACvB,IAAI,EAAE,wBAAwB;KAC/B;CACF,CAAC,CAAC;AAEU,QAAA,WAAW,GAAG,UAAM,GAAY,EAAE,GAAa,EAAE,IAAkB;;;oBAC9E,qBAAM,MAAM,CAAC,IAAI,CAAC,OAAO,CAAC;oBACxB,KAAK,EAAE;wBACL,EAAE,EAAE,QAAQ,CAAC,GAAG,CAAC,MAAM,CAAC,GAAG,EAAE,EAAE,CAAC;qBACjC;oBACD,OAAO,EAAE;wBACP,YAAY,EAAE;4BACZ,OAAO,EAAE;gCACP,SAAS,EAAC,MAAM;6BACjB;yBACF;wBACD,SAAS,EAAC,IAAI;qBACf;iBACF,CAAC;qBACC,IAAI,CAAC,UAAO,EAAE;;;;wBACP,QAAQ,GAAY;4BACxB,IAAI,EAAE;gCACJ,IAAI,EAAE,EAAE,aAAF,EAAE,uBAAF,EAAE,CAAE,QAAQ;gCAClB,KAAK,EAAE,6CAA6C;gCACpD,KAAK,EAAE;oCACL,IAAI,EAAE;wCACJ;4CACE,EAAE,EAAE,EAAE,aAAF,EAAE,uBAAF,EAAE,CAAE,YAAY,CAAC,CAAC,EAAE,IAAI;4CAC5B,WAAW,EAAE,2BAAkB,EAAE,aAAF,EAAE,uBAAF,EAAE,CAAE,SAAS,0CAAE,MAAM,CAAE;4CACtD,KAAK,EAAE,EAAE,aAAF,EAAE,uBAAF,EAAE,CAAE,YAAY,CAAC,CAAC,EAAE,MAAM;yCAClC;qCAEF;iCAEF;gCACD,MAAM,EAAE;oCACN,YAAY,EAAE,oEAAoE;oCAClF,MAAM,EAAE;wCACN,KAAK,EAAE,SAAS;wCAChB,IAAI,EAAE,WAAW;wCACjB,IAAI,EAAE,wBAAwB;qCAC/B;iCACF;gCACD,KAAK,EAAE,iCAAiC;6BACzC;yBACF,CAAC;wBACI,SAAS,GAAG,QAAQ,CAAC,QAAQ,CAAC,QAAQ,CAAC,CAAC;wBACxC,QAAQ,GAAG,QAAQ,CAAC,iBAAiB,CAAC,QAAQ,CAAC,CAAC;wBAChD,IAAI,GAAG;4BACX,IAAI,EAAE,iCAAiC;4BACvC,EAAE,EAAE,EAAE,aAAF,EAAE,uBAAF,EAAE,CAAE,KAAK;4BACb,OAAO,EAAE,qBAAqB;4BAC9B,IAAI,EAAE,QAAQ;4BACd,IAAI,EAAE,SAAS;yBAChB,CAAC;wBACF,WAAW,CAAC,QAAQ,CAAC,IAAI,EAAE,UAAC,GAAG,EAAE,IAAI;4BACnC,IAAI,GAAG,EAAE;gCACP,OAAO,GAAG,CAAC,MAAM,CAAC,GAAG,CAAC,CAAC,IAAI,CAAC,EAAE,KAAK,EAAE,GAAG,EAAE,CAAC,CAAC;6BAC7C;4BACD,IAAI,IAAI,EAAE;gCACR,GAAG,CAAC,QAAQ,CAAC,iCAAiC,CAAC,CAAC;6BACjD;wBAEH,CAAC,CAAC,CAAC;;;qBACJ,CAAC;qBACD,KAAK,CAAC,UAAC,GAAG;oBACT,OAAO,GAAG,CAAC,MAAM,CAAC,GAAG,CAAC,CAAC,IAAI,CAAC,EAAE,KAAK,EAAE,GAAG,EAAE,CAAC,CAAC;gBAC9C,CAAC,CAAC,EAAA;;gBA7DJ,SA6DI,CAAC;;;;KACN,CAAC","sourcesContent":["import { NextFunction, Request, Response } from 'express';\r\nimport { PrismaClient } from '@prisma/client';\r\nimport nodemailer from 'nodemailer';\r\nimport mailgen, { Content } from 'mailgen';\r\n\r\nconst prisma = new PrismaClient();\r\n\r\nconst transporter = nodemailer.createTransport({\r\n  host: 'smtp.mailtrap.io',\r\n  port: 2525,\r\n  secure: false, // true for 465, false for other ports\r\n  auth: {\r\n    user: process.env.MAIL_USER!,\r\n    pass: process.env.MAIL_PASS!,\r\n  },\r\n  debug: true, // show debug output\r\n  logger: true, // log information in console\r\n});\r\n\r\nconst generate = new mailgen({\r\n  theme: 'default',\r\n  product: {\r\n    // Appears in header & footer of e-mails\r\n    name: 'ABC BUS BOOKING',\r\n    link: 'http://localhost:3000/',\r\n  },\r\n});\r\n\r\nexport const sendInvoice = async(req: Request, res: Response, next: NextFunction) => {\r\n  await prisma.user.findOne({\r\n    where: {\r\n      id: parseInt(req.params.uid, 10),\r\n    },\r\n    include: {\r\n      transactions: {\r\n        orderBy: {\r\n          updatedAt:'desc',\r\n        },\r\n      },\r\n      busBooked:true,\r\n    },\r\n  })\r\n    .then(async (rs) => {\r\n      const mailBody: Content = {\r\n        body: {\r\n          name: rs?.username,\r\n          intro: 'Your order has been processed successfully.',\r\n          table: {\r\n            data: [\r\n              {\r\n                id: rs?.transactions[0].cart,\r\n                description: `Bus Ticket for ${rs?.busBooked?.plates}`,\r\n                price: rs?.transactions[0].amount,\r\n              },\r\n\r\n            ],\r\n\r\n          },\r\n          action: {\r\n            instructions: 'You can check the status of your order and more in your dashboard:',\r\n            button: {\r\n              color: '#3869D4',\r\n              text: 'Go to App',\r\n              link: 'http://localhost:3000/',\r\n            },\r\n          },\r\n          outro: 'We thank you for your purchase.',\r\n        },\r\n      };\r\n      const emailBody = generate.generate(mailBody);\r\n      const textBody = generate.generatePlaintext(mailBody);\r\n      const mail = {\r\n        from: '\"Fred Foo 👻\" <foo@example.com>', // sender address\r\n        to: rs?.email, // list of receivers\r\n        subject: 'Bus Booking Invoice', // Subject line\r\n        text: textBody, // plain text body\r\n        html: emailBody, // html body\r\n      };\r\n      transporter.sendMail(mail, (err, info) => {\r\n        if (err) {\r\n          return res.status(400).json({ email: err });\r\n        }\r\n        if (info) {\r\n          res.redirect('http://localhost:3000/dashboard');\r\n        }\r\n\r\n      });\r\n    })\r\n    .catch((err) => {\r\n      return res.status(500).json({ email: err });\r\n    });\r\n};\r\n"]},"_coverageSchema":"1a1c01bbd47fc00a2c39e90264f33305004495a9","hash":"98123a717746a056b8d41f48d364d9b2cac88951","contentHash":"31bf20f5fb9a003e5853eb49cf6a2918f17b8eec6b4fac11f049c8dbe83b323e"}}